<?xml version="1.0" encoding="UTF-8"?>
<robot generator="Robot 3.2.1 (Python 3.8.2 on linux)" generated="20200909 22:59:53.699" rpa="false">
<suite id="s1" name="Robot" source="/home/akuker/RASCSI/test/robot">
<suite id="s1-s1" name="Rascsi Cd-Rom Functionality" source="/home/akuker/RASCSI/test/robot/rascsi_cd-rom_functionality.robot">
<kw name="Run Keywords" library="BuiltIn" type="setup">
<doc>Executes all the given keywords in a sequence.</doc>
<arguments>
<arg>Open Connection to Rascsi and Log In</arg>
<arg>AND</arg>
<arg>The Rascsi Service is Started</arg>
<arg>AND</arg>
<arg>The RaSCSI Service Should be Running</arg>
<arg>AND</arg>
<arg>Detach all RaSCSI SCSI Devices</arg>
</arguments>
<kw name="Open Connection to Rascsi and Log In" library="rascsi_utils">
<kw name="Open Connection" library="SSHLibrary">
<doc>Opens a new SSH connection to the given ``host`` and ``port``.</doc>
<arguments>
<arg>${Rascsi_Host}</arg>
</arguments>
<status status="PASS" starttime="20200909 22:59:53.853" endtime="20200909 22:59:53.854"></status>
</kw>
<kw name="Login" library="SSHLibrary">
<doc>Logs into the SSH server with the given ``username`` and ``password``.</doc>
<arguments>
<arg>${Rascsi_Username}</arg>
<arg>${Rascsi_Password}</arg>
</arguments>
<msg timestamp="20200909 22:59:53.854" level="INFO">Logging into 'rascsi.local:22' as 'pi'.</msg>
<msg timestamp="20200909 22:59:55.409" level="INFO">Read output: Linux rascsi 4.19.118-v7+ #1311 SMP Mon Apr 27 14:21:24 BST 2020 armv7l

The programs included with the Debian GNU/Linux system are free software;
the exact distribution terms for each program are described in the
individual files in /usr/share/doc/*/copyright.

Debian GNU/Linux comes with ABSOLUTELY NO WARRANTY, to the extent
permitted by applicable law.
Last login: Wed Sep  9 22:58:23 2020 from 192.168.68.156

SSH is enabled and the default password for the 'pi' user has not been changed.
This is a security risk - please login as the 'pi' user and type 'passwd' to set a new password.


Wi-Fi is currently blocked by rfkill.
Use raspi-config to set the country before use.

pi@rascsi:~$</msg>
<status status="PASS" starttime="20200909 22:59:53.854" endtime="20200909 22:59:55.410"></status>
</kw>
<status status="PASS" starttime="20200909 22:59:53.853" endtime="20200909 22:59:55.410"></status>
</kw>
<kw name="The Rascsi Service is Started" library="linux_services">
<kw name="Convert To Lower Case" library="String">
<doc>Converts string to lower case.</doc>
<arguments>
<arg>${service_name}</arg>
</arguments>
<assign>
<var>${lc_service_name}</var>
</assign>
<msg timestamp="20200909 22:59:55.412" level="INFO">${lc_service_name} = rascsi</msg>
<status status="PASS" starttime="20200909 22:59:55.411" endtime="20200909 22:59:55.412"></status>
</kw>
<kw name="Execute Command" library="SSHLibrary">
<doc>Executes ``command`` on the remote machine and returns its outputs.</doc>
<arguments>
<arg>systemctl start ${lc_service_name}</arg>
<arg>sudo=True</arg>
<arg>sudo_password=${Rascsi_Password}</arg>
</arguments>
<msg timestamp="20200909 22:59:55.413" level="INFO">Executing command 'sudo systemctl start rascsi'.</msg>
<msg timestamp="20200909 22:59:55.747" level="INFO">Command exited with return code 0.</msg>
<status status="PASS" starttime="20200909 22:59:55.412" endtime="20200909 22:59:55.748"></status>
</kw>
<status status="PASS" starttime="20200909 22:59:55.410" endtime="20200909 22:59:55.748"></status>
</kw>
<kw name="The RaSCSI Service Should be Running" library="linux_services">
<kw name="Convert To Lower Case" library="String">
<doc>Converts string to lower case.</doc>
<arguments>
<arg>${service_name}</arg>
</arguments>
<assign>
<var>${lc_service_name}</var>
</assign>
<msg timestamp="20200909 22:59:55.749" level="INFO">${lc_service_name} = rascsi</msg>
<status status="PASS" starttime="20200909 22:59:55.749" endtime="20200909 22:59:55.749"></status>
</kw>
<kw name="Execute Command" library="SSHLibrary">
<doc>Executes ``command`` on the remote machine and returns its outputs.</doc>
<arguments>
<arg>systemctl status ${lc_service_name}</arg>
</arguments>
<assign>
<var>${output}</var>
</assign>
<msg timestamp="20200909 22:59:55.750" level="INFO">Executing command 'systemctl status rascsi'.</msg>
<msg timestamp="20200909 22:59:55.853" level="INFO">Command exited with return code 0.</msg>
<msg timestamp="20200909 22:59:55.853" level="INFO">${output} = ● rascsi.service - RaSCSI service
   Loaded: loaded (/etc/systemd/system/rascsi.service; enabled; vendor preset: enabled)
   Active: active (running) since Wed 2020-09-09 22:58:23 CDT; 1min 32s ago
 M...</msg>
<status status="PASS" starttime="20200909 22:59:55.750" endtime="20200909 22:59:55.853"></status>
</kw>
<kw name="Should Contain" library="BuiltIn">
<doc>Fails if ``container`` does not contain ``item`` one or more times.</doc>
<arguments>
<arg>${output}</arg>
<arg>Active: active (running)</arg>
<arg>ignore_case=True</arg>
</arguments>
<status status="PASS" starttime="20200909 22:59:55.853" endtime="20200909 22:59:55.854"></status>
</kw>
<status status="PASS" starttime="20200909 22:59:55.748" endtime="20200909 22:59:55.854"></status>
</kw>
<kw name="Detach all RaSCSI SCSI Devices" library="rascsi_utils">
<doc>Send detach commands for all of the SCSI IDs to make sure that there
aren't any left over before/after a test</doc>
<kw name="${scsi_id} IN RANGE [ 0 | 7 ]" type="for">
<kw name="${scsi_id} = 0" type="foritem">
<kw name="Detach RaSCSI SCSI ID ${scsi_id}" library="rascsi_utils">
<doc>Detaches the specified SCSI ID from Rascsi</doc>
<kw name="Execute Command" library="SSHLibrary">
<doc>Executes ``command`` on the remote machine and returns its outputs.</doc>
<arguments>
<arg>rasctl -c detach -i ${scsi_id}</arg>
</arguments>
<msg timestamp="20200909 22:59:55.857" level="INFO">Executing command 'rasctl -c detach -i 0'.</msg>
<msg timestamp="20200909 22:59:55.922" level="INFO">Command exited with return code 0.</msg>
<status status="PASS" starttime="20200909 22:59:55.856" endtime="20200909 22:59:55.922"></status>
</kw>
<status status="PASS" starttime="20200909 22:59:55.856" endtime="20200909 22:59:55.923"></status>
</kw>
<status status="PASS" starttime="20200909 22:59:55.855" endtime="20200909 22:59:55.923"></status>
</kw>
<kw name="${scsi_id} = 1" type="foritem">
<kw name="Detach RaSCSI SCSI ID ${scsi_id}" library="rascsi_utils">
<doc>Detaches the specified SCSI ID from Rascsi</doc>
<kw name="Execute Command" library="SSHLibrary">
<doc>Executes ``command`` on the remote machine and returns its outputs.</doc>
<arguments>
<arg>rasctl -c detach -i ${scsi_id}</arg>
</arguments>
<msg timestamp="20200909 22:59:55.924" level="INFO">Executing command 'rasctl -c detach -i 1'.</msg>
<msg timestamp="20200909 22:59:55.992" level="INFO">Command exited with return code 0.</msg>
<status status="PASS" starttime="20200909 22:59:55.924" endtime="20200909 22:59:55.992"></status>
</kw>
<status status="PASS" starttime="20200909 22:59:55.923" endtime="20200909 22:59:55.993"></status>
</kw>
<status status="PASS" starttime="20200909 22:59:55.923" endtime="20200909 22:59:55.993"></status>
</kw>
<kw name="${scsi_id} = 2" type="foritem">
<kw name="Detach RaSCSI SCSI ID ${scsi_id}" library="rascsi_utils">
<doc>Detaches the specified SCSI ID from Rascsi</doc>
<kw name="Execute Command" library="SSHLibrary">
<doc>Executes ``command`` on the remote machine and returns its outputs.</doc>
<arguments>
<arg>rasctl -c detach -i ${scsi_id}</arg>
</arguments>
<msg timestamp="20200909 22:59:55.994" level="INFO">Executing command 'rasctl -c detach -i 2'.</msg>
<msg timestamp="20200909 22:59:56.062" level="INFO">Command exited with return code 0.</msg>
<status status="PASS" starttime="20200909 22:59:55.994" endtime="20200909 22:59:56.062"></status>
</kw>
<status status="PASS" starttime="20200909 22:59:55.993" endtime="20200909 22:59:56.063"></status>
</kw>
<status status="PASS" starttime="20200909 22:59:55.993" endtime="20200909 22:59:56.063"></status>
</kw>
<kw name="${scsi_id} = 3" type="foritem">
<kw name="Detach RaSCSI SCSI ID ${scsi_id}" library="rascsi_utils">
<doc>Detaches the specified SCSI ID from Rascsi</doc>
<kw name="Execute Command" library="SSHLibrary">
<doc>Executes ``command`` on the remote machine and returns its outputs.</doc>
<arguments>
<arg>rasctl -c detach -i ${scsi_id}</arg>
</arguments>
<msg timestamp="20200909 22:59:56.064" level="INFO">Executing command 'rasctl -c detach -i 3'.</msg>
<msg timestamp="20200909 22:59:56.132" level="INFO">Command exited with return code 0.</msg>
<status status="PASS" starttime="20200909 22:59:56.064" endtime="20200909 22:59:56.132"></status>
</kw>
<status status="PASS" starttime="20200909 22:59:56.063" endtime="20200909 22:59:56.133"></status>
</kw>
<status status="PASS" starttime="20200909 22:59:56.063" endtime="20200909 22:59:56.133"></status>
</kw>
<kw name="${scsi_id} = 4" type="foritem">
<kw name="Detach RaSCSI SCSI ID ${scsi_id}" library="rascsi_utils">
<doc>Detaches the specified SCSI ID from Rascsi</doc>
<kw name="Execute Command" library="SSHLibrary">
<doc>Executes ``command`` on the remote machine and returns its outputs.</doc>
<arguments>
<arg>rasctl -c detach -i ${scsi_id}</arg>
</arguments>
<msg timestamp="20200909 22:59:56.134" level="INFO">Executing command 'rasctl -c detach -i 4'.</msg>
<msg timestamp="20200909 22:59:56.202" level="INFO">Command exited with return code 0.</msg>
<status status="PASS" starttime="20200909 22:59:56.134" endtime="20200909 22:59:56.202"></status>
</kw>
<status status="PASS" starttime="20200909 22:59:56.133" endtime="20200909 22:59:56.203"></status>
</kw>
<status status="PASS" starttime="20200909 22:59:56.133" endtime="20200909 22:59:56.203"></status>
</kw>
<kw name="${scsi_id} = 5" type="foritem">
<kw name="Detach RaSCSI SCSI ID ${scsi_id}" library="rascsi_utils">
<doc>Detaches the specified SCSI ID from Rascsi</doc>
<kw name="Execute Command" library="SSHLibrary">
<doc>Executes ``command`` on the remote machine and returns its outputs.</doc>
<arguments>
<arg>rasctl -c detach -i ${scsi_id}</arg>
</arguments>
<msg timestamp="20200909 22:59:56.204" level="INFO">Executing command 'rasctl -c detach -i 5'.</msg>
<msg timestamp="20200909 22:59:56.272" level="INFO">Command exited with return code 0.</msg>
<status status="PASS" starttime="20200909 22:59:56.204" endtime="20200909 22:59:56.272"></status>
</kw>
<status status="PASS" starttime="20200909 22:59:56.203" endtime="20200909 22:59:56.273"></status>
</kw>
<status status="PASS" starttime="20200909 22:59:56.203" endtime="20200909 22:59:56.273"></status>
</kw>
<kw name="${scsi_id} = 6" type="foritem">
<kw name="Detach RaSCSI SCSI ID ${scsi_id}" library="rascsi_utils">
<doc>Detaches the specified SCSI ID from Rascsi</doc>
<kw name="Execute Command" library="SSHLibrary">
<doc>Executes ``command`` on the remote machine and returns its outputs.</doc>
<arguments>
<arg>rasctl -c detach -i ${scsi_id}</arg>
</arguments>
<msg timestamp="20200909 22:59:56.274" level="INFO">Executing command 'rasctl -c detach -i 6'.</msg>
<msg timestamp="20200909 22:59:56.342" level="INFO">Command exited with return code 0.</msg>
<status status="PASS" starttime="20200909 22:59:56.274" endtime="20200909 22:59:56.342"></status>
</kw>
<status status="PASS" starttime="20200909 22:59:56.273" endtime="20200909 22:59:56.343"></status>
</kw>
<status status="PASS" starttime="20200909 22:59:56.273" endtime="20200909 22:59:56.343"></status>
</kw>
<status status="PASS" starttime="20200909 22:59:55.855" endtime="20200909 22:59:56.343"></status>
</kw>
<status status="PASS" starttime="20200909 22:59:55.855" endtime="20200909 22:59:56.343"></status>
</kw>
<status status="PASS" starttime="20200909 22:59:53.852" endtime="20200909 22:59:56.343"></status>
</kw>
<test id="s1-s1-t1" name="MacOS formated ISO is mounted and correct size is reported">
<kw name="Given CD-ROM Drive is attached as SCSI ID 6" library="rascsi_utils">
<doc>Attaches a CD-ROM device (without any media) to the RaSCSI</doc>
<kw name="Execute Command" library="SSHLibrary">
<doc>Executes ``command`` on the remote machine and returns its outputs.</doc>
<arguments>
<arg>rasctl -i ${scsi_id} -c attach -t cd</arg>
</arguments>
<assign>
<var>${rasctl_output}</var>
</assign>
<msg timestamp="20200909 22:59:56.346" level="INFO">Executing command 'rasctl -i 6 -c attach -t cd'.</msg>
<msg timestamp="20200909 22:59:56.412" level="INFO">Command exited with return code 0.</msg>
<msg timestamp="20200909 22:59:56.412" level="INFO">${rasctl_output} = </msg>
<status status="PASS" starttime="20200909 22:59:56.346" endtime="20200909 22:59:56.413"></status>
</kw>
<kw name="Log" library="BuiltIn">
<doc>Logs the given message with the given level.</doc>
<arguments>
<arg>${rasctl_output}</arg>
</arguments>
<msg timestamp="20200909 22:59:56.413" level="INFO"></msg>
<status status="PASS" starttime="20200909 22:59:56.413" endtime="20200909 22:59:56.413"></status>
</kw>
<kw name="Execute Command" library="SSHLibrary">
<doc>Executes ``command`` on the remote machine and returns its outputs.</doc>
<arguments>
<arg>rasctl -l</arg>
</arguments>
<assign>
<var>${rasctl_output}</var>
</assign>
<msg timestamp="20200909 22:59:56.414" level="INFO">Executing command 'rasctl -l'.</msg>
<msg timestamp="20200909 22:59:56.482" level="INFO">Command exited with return code 0.</msg>
<msg timestamp="20200909 22:59:56.482" level="INFO">${rasctl_output} = 
+----+----+------+-------------------------------------
| ID | UN | TYPE | DEVICE STATUS
+----+----+------+-------------------------------------
|  6 |  0 | SCCD | NO MEDIA
+----+----+------+--------...</msg>
<status status="PASS" starttime="20200909 22:59:56.414" endtime="20200909 22:59:56.482"></status>
</kw>
<kw name="Log" library="BuiltIn">
<doc>Logs the given message with the given level.</doc>
<arguments>
<arg>${rasctl_output}</arg>
</arguments>
<msg timestamp="20200909 22:59:56.483" level="INFO">
+----+----+------+-------------------------------------
| ID | UN | TYPE | DEVICE STATUS
+----+----+------+-------------------------------------
|  6 |  0 | SCCD | NO MEDIA
+----+----+------+-------------------------------------</msg>
<status status="PASS" starttime="20200909 22:59:56.483" endtime="20200909 22:59:56.483"></status>
</kw>
<kw name="Rescan SCSI Bus" library="linux_scsi_utils">
<doc>Commands Linux to re-scan the SCSI bus on the local host</doc>
<kw name="Run" library="OperatingSystem">
<doc>Runs the given command in the system and returns the output.</doc>
<arguments>
<arg>sudo bash -c "echo \\"- - -\\" &gt; /sys/class/scsi_host/host0/scan"</arg>
</arguments>
<assign>
<var>${result}</var>
</assign>
<msg timestamp="20200909 22:59:56.487" level="INFO">Running command 'sudo bash -c "echo \"- - -\" &gt; /sys/class/scsi_host/host0/scan"'.</msg>
<msg timestamp="20200909 23:00:00.898" level="INFO">${result} = </msg>
<status status="PASS" starttime="20200909 22:59:56.484" endtime="20200909 23:00:00.898"></status>
</kw>
<kw name="Run" library="OperatingSystem">
<doc>Runs the given command in the system and returns the output.</doc>
<arguments>
<arg>lsscsi</arg>
</arguments>
<assign>
<var>${lsscsi}</var>
</assign>
<msg timestamp="20200909 23:00:00.902" level="INFO">Running command 'lsscsi 2&gt;&amp;1'.</msg>
<msg timestamp="20200909 23:00:00.905" level="INFO">${lsscsi} = [0:0:6:0]    cd/dvd  RaSCSI   CD-ROM CDU-55S   0147  /dev/sr0 
[1:0:0:0]    disk    ATA      WDC WD2500JS-41S 6C04  /dev/sdb 
[2:0:0:0]    cd/dvd  TSSTcorp DVDWBD SH-B123L  SB04  /dev/sr1 
[4:0:0:0]  ...</msg>
<status status="PASS" starttime="20200909 23:00:00.898" endtime="20200909 23:00:00.906"></status>
</kw>
<kw name="Log" library="BuiltIn">
<doc>Logs the given message with the given level.</doc>
<arguments>
<arg>${lsscsi}</arg>
</arguments>
<msg timestamp="20200909 23:00:00.908" level="INFO">[0:0:6:0]    cd/dvd  RaSCSI   CD-ROM CDU-55S   0147  /dev/sr0 
[1:0:0:0]    disk    ATA      WDC WD2500JS-41S 6C04  /dev/sdb 
[2:0:0:0]    cd/dvd  TSSTcorp DVDWBD SH-B123L  SB04  /dev/sr1 
[4:0:0:0]    disk    ATA      Hitachi HDS72101 A41A  /dev/sdc </msg>
<status status="PASS" starttime="20200909 23:00:00.907" endtime="20200909 23:00:00.908"></status>
</kw>
<status status="PASS" starttime="20200909 22:59:56.484" endtime="20200909 23:00:00.908"></status>
</kw>
<status status="PASS" starttime="20200909 22:59:56.345" endtime="20200909 23:00:00.909"></status>
</kw>
<kw name="When Insert Removable Media marathon.iso into SCSI ID 6" library="rascsi_utils">
<kw name="Execute Command" library="SSHLibrary">
<doc>Executes ``command`` on the remote machine and returns its outputs.</doc>
<arguments>
<arg>rasctl -c insert -i ${scsi_id} -f /home/pi/images/${image}</arg>
</arguments>
<msg timestamp="20200909 23:00:00.912" level="INFO">Executing command 'rasctl -c insert -i 6 -f /home/pi/images/marathon.iso'.</msg>
<msg timestamp="20200909 23:00:00.950" level="INFO">Command exited with return code 0.</msg>
<status status="PASS" starttime="20200909 23:00:00.911" endtime="20200909 23:00:00.950"></status>
</kw>
<kw name="Execute Command" library="SSHLibrary">
<doc>Executes ``command`` on the remote machine and returns its outputs.</doc>
<arguments>
<arg>rasctl -l</arg>
</arguments>
<assign>
<var>${result}</var>
</assign>
<msg timestamp="20200909 23:00:00.951" level="INFO">Executing command 'rasctl -l'.</msg>
<msg timestamp="20200909 23:00:01.022" level="INFO">Command exited with return code 0.</msg>
<msg timestamp="20200909 23:00:01.022" level="INFO">${result} = 
+----+----+------+-------------------------------------
| ID | UN | TYPE | DEVICE STATUS
+----+----+------+-------------------------------------
|  6 |  0 | SCCD | /home/pi/images/marathon.iso(WRITEP...</msg>
<status status="PASS" starttime="20200909 23:00:00.950" endtime="20200909 23:00:01.022"></status>
</kw>
<kw name="Log" library="BuiltIn">
<doc>Logs the given message with the given level.</doc>
<arguments>
<arg>${result}</arg>
</arguments>
<msg timestamp="20200909 23:00:01.023" level="INFO">
+----+----+------+-------------------------------------
| ID | UN | TYPE | DEVICE STATUS
+----+----+------+-------------------------------------
|  6 |  0 | SCCD | /home/pi/images/marathon.iso(WRITEPROTECT)
+----+----+------+-------------------------------------</msg>
<status status="PASS" starttime="20200909 23:00:01.023" endtime="20200909 23:00:01.023"></status>
</kw>
<status status="PASS" starttime="20200909 23:00:00.910" endtime="20200909 23:00:01.024"></status>
</kw>
<kw name="Then the size of SCSI ID 6 is equal to the size of marathon.iso" library="linux_scsi_utils">
<doc>Get the size of the SCSI device specified and the size of the drive
image and make sure they're equal</doc>
<kw name="Get size of SCSI ID ${scsi_id} device in bytes" library="linux_scsi_utils">
<doc>Given a SCSI ID, determine how big that drive is (in bytes)</doc>
<assign>
<var>${device_size}</var>
</assign>
<kw name="Get device id for SCSI ID ${scsi_id}" library="linux_scsi_utils">
<doc>Lookup the device name (ex /dev/sr0) for the specified SCSI ID</doc>
<assign>
<var>${device_id}</var>
</assign>
<kw name="Run" library="OperatingSystem">
<doc>Runs the given command in the system and returns the output.</doc>
<arguments>
<arg>lsscsi --brief |grep \\\\[0\\\\:0\\\\:${scsi_id}\\\\:0\\\\] | cut -f 5 --delimiter=" "</arg>
</arguments>
<assign>
<var>${lsscsi_output}</var>
</assign>
<msg timestamp="20200909 23:00:01.030" level="INFO">Running command 'lsscsi --brief |grep \\[0\\:0\\:6\\:0\\] | cut -f 5 --delimiter=" " 2&gt;&amp;1'.</msg>
<msg timestamp="20200909 23:00:01.034" level="INFO">${lsscsi_output} = /dev/sr0</msg>
<status status="PASS" starttime="20200909 23:00:01.027" endtime="20200909 23:00:01.035"></status>
</kw>
<kw name="Should Match Regexp" library="BuiltIn">
<doc>Fails if ``string`` does not match ``pattern`` as a regular expression.</doc>
<arguments>
<arg>${lsscsi_output}</arg>
<arg>\/dev\/[\\w\\d]+</arg>
<arg>Unable to find device ID for SCSI ID ${scsi_id}</arg>
</arguments>
<status status="PASS" starttime="20200909 23:00:01.035" endtime="20200909 23:00:01.037"></status>
</kw>
<msg timestamp="20200909 23:00:01.037" level="INFO">${device_id} = /dev/sr0</msg>
<status status="PASS" starttime="20200909 23:00:01.026" endtime="20200909 23:00:01.037"></status>
</kw>
<kw name="Get size of device id ${device_id} in bytes" library="linux_scsi_utils">
<doc>Decypher the output of lsblk to determine the size of the
specified device ID</doc>
<assign>
<var>${device_size}</var>
</assign>
<kw name="Remove String Using Regexp" library="String">
<doc>Removes ``patterns`` from the given ``string``.</doc>
<arguments>
<arg>${device_id}</arg>
<arg>\/dev\/</arg>
</arguments>
<assign>
<var>${bare_device_id}</var>
</assign>
<msg timestamp="20200909 23:00:01.039" level="INFO">${bare_device_id} = sr0</msg>
<status status="PASS" starttime="20200909 23:00:01.038" endtime="20200909 23:00:01.039"></status>
</kw>
<kw name="Run" library="OperatingSystem">
<doc>Runs the given command in the system and returns the output.</doc>
<arguments>
<arg>lsblk --raw --bytes | grep ${bare_device_id} | cut -f 4 --delimiter=" "</arg>
</arguments>
<assign>
<var>${lsblk_output}</var>
</assign>
<msg timestamp="20200909 23:00:01.042" level="INFO">Running command 'lsblk --raw --bytes | grep sr0 | cut -f 4 --delimiter=" " 2&gt;&amp;1'.</msg>
<msg timestamp="20200909 23:00:01.050" level="INFO">${lsblk_output} = 35895296</msg>
<status status="PASS" starttime="20200909 23:00:01.039" endtime="20200909 23:00:01.050"></status>
</kw>
<msg timestamp="20200909 23:00:01.050" level="INFO">${device_size} = 35895296</msg>
<status status="PASS" starttime="20200909 23:00:01.038" endtime="20200909 23:00:01.050"></status>
</kw>
<msg timestamp="20200909 23:00:01.051" level="INFO">${device_size} = 35895296</msg>
<status status="PASS" starttime="20200909 23:00:01.025" endtime="20200909 23:00:01.051"></status>
</kw>
<kw name="Get Size of RaSCSI Image ${image_name} in bytes" library="rascsi_utils">
<doc>Return the size of the specified disk image in bytes</doc>
<assign>
<var>${image_size}</var>
</assign>
<kw name="Execute Command" library="SSHLibrary">
<doc>Executes ``command`` on the remote machine and returns its outputs.</doc>
<arguments>
<arg>du -b /home/pi/images/${image_name} | cut -f 1</arg>
</arguments>
<assign>
<var>${size_output}</var>
</assign>
<msg timestamp="20200909 23:00:01.053" level="INFO">Executing command 'du -b /home/pi/images/marathon.iso | cut -f 1'.</msg>
<msg timestamp="20200909 23:00:01.081" level="INFO">Command exited with return code 0.</msg>
<msg timestamp="20200909 23:00:01.081" level="INFO">${size_output} = 35895296</msg>
<status status="PASS" starttime="20200909 23:00:01.052" endtime="20200909 23:00:01.082"></status>
</kw>
<msg timestamp="20200909 23:00:01.082" level="INFO">${image_size} = 35895296</msg>
<status status="PASS" starttime="20200909 23:00:01.051" endtime="20200909 23:00:01.082"></status>
</kw>
<kw name="Should Be Equal" library="BuiltIn">
<doc>Fails if the given objects are unequal.</doc>
<arguments>
<arg>${device_size}</arg>
<arg>${image_size}</arg>
<arg>The device size did not match the image size</arg>
</arguments>
<status status="PASS" starttime="20200909 23:00:01.082" endtime="20200909 23:00:01.083"></status>
</kw>
<status status="PASS" starttime="20200909 23:00:01.024" endtime="20200909 23:00:01.083"></status>
</kw>
<kw name="And the checksum of SCSI ID 6 is equal to the checksum of marathon.iso" library="linux_scsi_utils">
<doc>Empty Keyword</doc>
<kw name="Get checksum of SCSI ID ${scsi_id} device" library="linux_scsi_utils">
<doc>Calculate the checksum of the disk image on the RaSCSI host</doc>
<assign>
<var>${device_checksum}</var>
</assign>
<kw name="Get device id for SCSI ID ${scsi_id}" library="linux_scsi_utils">
<doc>Lookup the device name (ex /dev/sr0) for the specified SCSI ID</doc>
<assign>
<var>${device_id}</var>
</assign>
<kw name="Run" library="OperatingSystem">
<doc>Runs the given command in the system and returns the output.</doc>
<arguments>
<arg>lsscsi --brief |grep \\\\[0\\\\:0\\\\:${scsi_id}\\\\:0\\\\] | cut -f 5 --delimiter=" "</arg>
</arguments>
<assign>
<var>${lsscsi_output}</var>
</assign>
<msg timestamp="20200909 23:00:01.090" level="INFO">Running command 'lsscsi --brief |grep \\[0\\:0\\:6\\:0\\] | cut -f 5 --delimiter=" " 2&gt;&amp;1'.</msg>
<msg timestamp="20200909 23:00:01.093" level="INFO">${lsscsi_output} = /dev/sr0</msg>
<status status="PASS" starttime="20200909 23:00:01.087" endtime="20200909 23:00:01.093"></status>
</kw>
<kw name="Should Match Regexp" library="BuiltIn">
<doc>Fails if ``string`` does not match ``pattern`` as a regular expression.</doc>
<arguments>
<arg>${lsscsi_output}</arg>
<arg>\/dev\/[\\w\\d]+</arg>
<arg>Unable to find device ID for SCSI ID ${scsi_id}</arg>
</arguments>
<status status="PASS" starttime="20200909 23:00:01.094" endtime="20200909 23:00:01.095"></status>
</kw>
<msg timestamp="20200909 23:00:01.096" level="INFO">${device_id} = /dev/sr0</msg>
<status status="PASS" starttime="20200909 23:00:01.086" endtime="20200909 23:00:01.096"></status>
</kw>
<kw name="Run Keyword" library="BuiltIn">
<doc>Executes the given keyword with the given arguments.</doc>
<arguments>
<arg>Get checksum of file ${device_id}</arg>
</arguments>
<assign>
<var>${checksum}</var>
</assign>
<kw name="Get checksum of file /dev/sr0" library="linux_scsi_utils">
<kw name="Run" library="OperatingSystem">
<doc>Runs the given command in the system and returns the output.</doc>
<arguments>
<arg>md5sum ${full_file_path} | cut -f 1 --delimiter=" "</arg>
</arguments>
<assign>
<var>${checksum}</var>
</assign>
<msg timestamp="20200909 23:00:01.101" level="INFO">Running command 'md5sum /dev/sr0 | cut -f 1 --delimiter=" " 2&gt;&amp;1'.</msg>
<msg timestamp="20200909 23:00:36.837" level="INFO">${checksum} = 95c88a1a8bbdbafa4922ae6a8732bc4d</msg>
<status status="PASS" starttime="20200909 23:00:01.098" endtime="20200909 23:00:36.837"></status>
</kw>
<status status="PASS" starttime="20200909 23:00:01.097" endtime="20200909 23:00:36.838"></status>
</kw>
<msg timestamp="20200909 23:00:36.838" level="INFO">${checksum} = 95c88a1a8bbdbafa4922ae6a8732bc4d</msg>
<status status="PASS" starttime="20200909 23:00:01.096" endtime="20200909 23:00:36.838"></status>
</kw>
<msg timestamp="20200909 23:00:36.838" level="INFO">${device_checksum} = 95c88a1a8bbdbafa4922ae6a8732bc4d</msg>
<status status="PASS" starttime="20200909 23:00:01.085" endtime="20200909 23:00:36.838"></status>
</kw>
<kw name="Get checksum of RaSCSI Image ${image_name}" library="rascsi_utils">
<doc>Calculate the checksum of the disk image on the RaSCSI host</doc>
<assign>
<var>${image_checksum}</var>
</assign>
<kw name="Execute Command" library="SSHLibrary">
<doc>Executes ``command`` on the remote machine and returns its outputs.</doc>
<arguments>
<arg>md5sum /home/pi/images/${image_name} | cut -f 1 --delimiter=" "</arg>
</arguments>
<assign>
<var>${checksum}</var>
</assign>
<msg timestamp="20200909 23:00:36.841" level="INFO">Executing command 'md5sum /home/pi/images/marathon.iso | cut -f 1 --delimiter=" "'.</msg>
<msg timestamp="20200909 23:00:37.068" level="INFO">Command exited with return code 0.</msg>
<msg timestamp="20200909 23:00:37.068" level="INFO">${checksum} = 95c88a1a8bbdbafa4922ae6a8732bc4d</msg>
<status status="PASS" starttime="20200909 23:00:36.840" endtime="20200909 23:00:37.068"></status>
</kw>
<msg timestamp="20200909 23:00:37.068" level="INFO">${image_checksum} = 95c88a1a8bbdbafa4922ae6a8732bc4d</msg>
<status status="PASS" starttime="20200909 23:00:36.839" endtime="20200909 23:00:37.069"></status>
</kw>
<kw name="Should Be Equal" library="BuiltIn">
<doc>Fails if the given objects are unequal.</doc>
<arguments>
<arg>${device_checksum}</arg>
<arg>${image_checksum}</arg>
<arg>The device checksum did not match the image file</arg>
</arguments>
<status status="PASS" starttime="20200909 23:00:37.069" endtime="20200909 23:00:37.070"></status>
</kw>
<status status="PASS" starttime="20200909 23:00:01.084" endtime="20200909 23:00:37.070"></status>
</kw>
<kw name="Run Keywords" library="BuiltIn" type="teardown">
<doc>Executes all the given keywords in a sequence.</doc>
<arguments>
<arg>Detach all RaSCSI SCSI Devices</arg>
<arg>AND</arg>
<arg>Delete all SCSI devices from Linux</arg>
<arg>AND</arg>
<arg>Delete all RaSCSI drive images</arg>
</arguments>
<kw name="Detach all RaSCSI SCSI Devices" library="rascsi_utils">
<doc>Send detach commands for all of the SCSI IDs to make sure that there
aren't any left over before/after a test</doc>
<kw name="${scsi_id} IN RANGE [ 0 | 7 ]" type="for">
<kw name="${scsi_id} = 0" type="foritem">
<kw name="Detach RaSCSI SCSI ID ${scsi_id}" library="rascsi_utils">
<doc>Detaches the specified SCSI ID from Rascsi</doc>
<kw name="Execute Command" library="SSHLibrary">
<doc>Executes ``command`` on the remote machine and returns its outputs.</doc>
<arguments>
<arg>rasctl -c detach -i ${scsi_id}</arg>
</arguments>
<msg timestamp="20200909 23:00:37.074" level="INFO">Executing command 'rasctl -c detach -i 0'.</msg>
<msg timestamp="20200909 23:00:37.131" level="INFO">Command exited with return code 0.</msg>
<status status="PASS" starttime="20200909 23:00:37.073" endtime="20200909 23:00:37.131"></status>
</kw>
<status status="PASS" starttime="20200909 23:00:37.072" endtime="20200909 23:00:37.131"></status>
</kw>
<status status="PASS" starttime="20200909 23:00:37.072" endtime="20200909 23:00:37.131"></status>
</kw>
<kw name="${scsi_id} = 1" type="foritem">
<kw name="Detach RaSCSI SCSI ID ${scsi_id}" library="rascsi_utils">
<doc>Detaches the specified SCSI ID from Rascsi</doc>
<kw name="Execute Command" library="SSHLibrary">
<doc>Executes ``command`` on the remote machine and returns its outputs.</doc>
<arguments>
<arg>rasctl -c detach -i ${scsi_id}</arg>
</arguments>
<msg timestamp="20200909 23:00:37.133" level="INFO">Executing command 'rasctl -c detach -i 1'.</msg>
<msg timestamp="20200909 23:00:37.191" level="INFO">Command exited with return code 0.</msg>
<status status="PASS" starttime="20200909 23:00:37.133" endtime="20200909 23:00:37.191"></status>
</kw>
<status status="PASS" starttime="20200909 23:00:37.132" endtime="20200909 23:00:37.191"></status>
</kw>
<status status="PASS" starttime="20200909 23:00:37.131" endtime="20200909 23:00:37.191"></status>
</kw>
<kw name="${scsi_id} = 2" type="foritem">
<kw name="Detach RaSCSI SCSI ID ${scsi_id}" library="rascsi_utils">
<doc>Detaches the specified SCSI ID from Rascsi</doc>
<kw name="Execute Command" library="SSHLibrary">
<doc>Executes ``command`` on the remote machine and returns its outputs.</doc>
<arguments>
<arg>rasctl -c detach -i ${scsi_id}</arg>
</arguments>
<msg timestamp="20200909 23:00:37.193" level="INFO">Executing command 'rasctl -c detach -i 2'.</msg>
<msg timestamp="20200909 23:00:37.251" level="INFO">Command exited with return code 0.</msg>
<status status="PASS" starttime="20200909 23:00:37.193" endtime="20200909 23:00:37.251"></status>
</kw>
<status status="PASS" starttime="20200909 23:00:37.192" endtime="20200909 23:00:37.251"></status>
</kw>
<status status="PASS" starttime="20200909 23:00:37.191" endtime="20200909 23:00:37.251"></status>
</kw>
<kw name="${scsi_id} = 3" type="foritem">
<kw name="Detach RaSCSI SCSI ID ${scsi_id}" library="rascsi_utils">
<doc>Detaches the specified SCSI ID from Rascsi</doc>
<kw name="Execute Command" library="SSHLibrary">
<doc>Executes ``command`` on the remote machine and returns its outputs.</doc>
<arguments>
<arg>rasctl -c detach -i ${scsi_id}</arg>
</arguments>
<msg timestamp="20200909 23:00:37.253" level="INFO">Executing command 'rasctl -c detach -i 3'.</msg>
<msg timestamp="20200909 23:00:37.321" level="INFO">Command exited with return code 0.</msg>
<status status="PASS" starttime="20200909 23:00:37.253" endtime="20200909 23:00:37.321"></status>
</kw>
<status status="PASS" starttime="20200909 23:00:37.252" endtime="20200909 23:00:37.321"></status>
</kw>
<status status="PASS" starttime="20200909 23:00:37.251" endtime="20200909 23:00:37.321"></status>
</kw>
<kw name="${scsi_id} = 4" type="foritem">
<kw name="Detach RaSCSI SCSI ID ${scsi_id}" library="rascsi_utils">
<doc>Detaches the specified SCSI ID from Rascsi</doc>
<kw name="Execute Command" library="SSHLibrary">
<doc>Executes ``command`` on the remote machine and returns its outputs.</doc>
<arguments>
<arg>rasctl -c detach -i ${scsi_id}</arg>
</arguments>
<msg timestamp="20200909 23:00:37.323" level="INFO">Executing command 'rasctl -c detach -i 4'.</msg>
<msg timestamp="20200909 23:00:37.381" level="INFO">Command exited with return code 0.</msg>
<status status="PASS" starttime="20200909 23:00:37.323" endtime="20200909 23:00:37.381"></status>
</kw>
<status status="PASS" starttime="20200909 23:00:37.322" endtime="20200909 23:00:37.381"></status>
</kw>
<status status="PASS" starttime="20200909 23:00:37.322" endtime="20200909 23:00:37.381"></status>
</kw>
<kw name="${scsi_id} = 5" type="foritem">
<kw name="Detach RaSCSI SCSI ID ${scsi_id}" library="rascsi_utils">
<doc>Detaches the specified SCSI ID from Rascsi</doc>
<kw name="Execute Command" library="SSHLibrary">
<doc>Executes ``command`` on the remote machine and returns its outputs.</doc>
<arguments>
<arg>rasctl -c detach -i ${scsi_id}</arg>
</arguments>
<msg timestamp="20200909 23:00:37.384" level="INFO">Executing command 'rasctl -c detach -i 5'.</msg>
<msg timestamp="20200909 23:00:37.441" level="INFO">Command exited with return code 0.</msg>
<status status="PASS" starttime="20200909 23:00:37.383" endtime="20200909 23:00:37.441"></status>
</kw>
<status status="PASS" starttime="20200909 23:00:37.382" endtime="20200909 23:00:37.441"></status>
</kw>
<status status="PASS" starttime="20200909 23:00:37.382" endtime="20200909 23:00:37.441"></status>
</kw>
<kw name="${scsi_id} = 6" type="foritem">
<kw name="Detach RaSCSI SCSI ID ${scsi_id}" library="rascsi_utils">
<doc>Detaches the specified SCSI ID from Rascsi</doc>
<kw name="Execute Command" library="SSHLibrary">
<doc>Executes ``command`` on the remote machine and returns its outputs.</doc>
<arguments>
<arg>rasctl -c detach -i ${scsi_id}</arg>
</arguments>
<msg timestamp="20200909 23:00:37.443" level="INFO">Executing command 'rasctl -c detach -i 6'.</msg>
<msg timestamp="20200909 23:00:37.511" level="INFO">Command exited with return code 0.</msg>
<status status="PASS" starttime="20200909 23:00:37.443" endtime="20200909 23:00:37.511"></status>
</kw>
<status status="PASS" starttime="20200909 23:00:37.442" endtime="20200909 23:00:37.511"></status>
</kw>
<status status="PASS" starttime="20200909 23:00:37.442" endtime="20200909 23:00:37.511"></status>
</kw>
<status status="PASS" starttime="20200909 23:00:37.072" endtime="20200909 23:00:37.511"></status>
</kw>
<status status="PASS" starttime="20200909 23:00:37.071" endtime="20200909 23:00:37.512"></status>
</kw>
<kw name="Delete all SCSI devices from Linux" library="linux_scsi_utils">
<doc>Remove all SCSI IDs from the Linux SCSI driver</doc>
<kw name="${scsi_id} IN RANGE [ 0 | 7 ]" type="for">
<kw name="${scsi_id} = 0" type="foritem">
<kw name="Delete SCSI ID ${scsi_id} from Linux" library="linux_scsi_utils">
<doc>Remove a SCSI ID from Linux. Basically, will un-do the Scan action</doc>
<kw name="Run" library="OperatingSystem">
<doc>Runs the given command in the system and returns the output.</doc>
<arguments>
<arg>sudo bash -c "echo 1 &gt; /sys/class/scsi_device/0:0:${scsi_id}:0/device/delete" 2&gt;&amp;1 &gt; /dev/null</arg>
</arguments>
<msg timestamp="20200909 23:00:37.517" level="INFO">Running command 'sudo bash -c "echo 1 &gt; /sys/class/scsi_device/0:0:0:0/device/delete" 2&gt;&amp;1 &gt; /dev/null'.</msg>
<status status="PASS" starttime="20200909 23:00:37.514" endtime="20200909 23:00:37.529"></status>
</kw>
<status status="PASS" starttime="20200909 23:00:37.513" endtime="20200909 23:00:37.530"></status>
</kw>
<status status="PASS" starttime="20200909 23:00:37.513" endtime="20200909 23:00:37.530"></status>
</kw>
<kw name="${scsi_id} = 1" type="foritem">
<kw name="Delete SCSI ID ${scsi_id} from Linux" library="linux_scsi_utils">
<doc>Remove a SCSI ID from Linux. Basically, will un-do the Scan action</doc>
<kw name="Run" library="OperatingSystem">
<doc>Runs the given command in the system and returns the output.</doc>
<arguments>
<arg>sudo bash -c "echo 1 &gt; /sys/class/scsi_device/0:0:${scsi_id}:0/device/delete" 2&gt;&amp;1 &gt; /dev/null</arg>
</arguments>
<msg timestamp="20200909 23:00:37.534" level="INFO">Running command 'sudo bash -c "echo 1 &gt; /sys/class/scsi_device/0:0:1:0/device/delete" 2&gt;&amp;1 &gt; /dev/null'.</msg>
<status status="PASS" starttime="20200909 23:00:37.531" endtime="20200909 23:00:37.543"></status>
</kw>
<status status="PASS" starttime="20200909 23:00:37.530" endtime="20200909 23:00:37.544"></status>
</kw>
<status status="PASS" starttime="20200909 23:00:37.530" endtime="20200909 23:00:37.544"></status>
</kw>
<kw name="${scsi_id} = 2" type="foritem">
<kw name="Delete SCSI ID ${scsi_id} from Linux" library="linux_scsi_utils">
<doc>Remove a SCSI ID from Linux. Basically, will un-do the Scan action</doc>
<kw name="Run" library="OperatingSystem">
<doc>Runs the given command in the system and returns the output.</doc>
<arguments>
<arg>sudo bash -c "echo 1 &gt; /sys/class/scsi_device/0:0:${scsi_id}:0/device/delete" 2&gt;&amp;1 &gt; /dev/null</arg>
</arguments>
<msg timestamp="20200909 23:00:37.549" level="INFO">Running command 'sudo bash -c "echo 1 &gt; /sys/class/scsi_device/0:0:2:0/device/delete" 2&gt;&amp;1 &gt; /dev/null'.</msg>
<status status="PASS" starttime="20200909 23:00:37.546" endtime="20200909 23:00:37.560"></status>
</kw>
<status status="PASS" starttime="20200909 23:00:37.545" endtime="20200909 23:00:37.560"></status>
</kw>
<status status="PASS" starttime="20200909 23:00:37.544" endtime="20200909 23:00:37.561"></status>
</kw>
<kw name="${scsi_id} = 3" type="foritem">
<kw name="Delete SCSI ID ${scsi_id} from Linux" library="linux_scsi_utils">
<doc>Remove a SCSI ID from Linux. Basically, will un-do the Scan action</doc>
<kw name="Run" library="OperatingSystem">
<doc>Runs the given command in the system and returns the output.</doc>
<arguments>
<arg>sudo bash -c "echo 1 &gt; /sys/class/scsi_device/0:0:${scsi_id}:0/device/delete" 2&gt;&amp;1 &gt; /dev/null</arg>
</arguments>
<msg timestamp="20200909 23:00:37.566" level="INFO">Running command 'sudo bash -c "echo 1 &gt; /sys/class/scsi_device/0:0:3:0/device/delete" 2&gt;&amp;1 &gt; /dev/null'.</msg>
<status status="PASS" starttime="20200909 23:00:37.563" endtime="20200909 23:00:37.576"></status>
</kw>
<status status="PASS" starttime="20200909 23:00:37.561" endtime="20200909 23:00:37.577"></status>
</kw>
<status status="PASS" starttime="20200909 23:00:37.561" endtime="20200909 23:00:37.577"></status>
</kw>
<kw name="${scsi_id} = 4" type="foritem">
<kw name="Delete SCSI ID ${scsi_id} from Linux" library="linux_scsi_utils">
<doc>Remove a SCSI ID from Linux. Basically, will un-do the Scan action</doc>
<kw name="Run" library="OperatingSystem">
<doc>Runs the given command in the system and returns the output.</doc>
<arguments>
<arg>sudo bash -c "echo 1 &gt; /sys/class/scsi_device/0:0:${scsi_id}:0/device/delete" 2&gt;&amp;1 &gt; /dev/null</arg>
</arguments>
<msg timestamp="20200909 23:00:37.581" level="INFO">Running command 'sudo bash -c "echo 1 &gt; /sys/class/scsi_device/0:0:4:0/device/delete" 2&gt;&amp;1 &gt; /dev/null'.</msg>
<status status="PASS" starttime="20200909 23:00:37.579" endtime="20200909 23:00:37.590"></status>
</kw>
<status status="PASS" starttime="20200909 23:00:37.578" endtime="20200909 23:00:37.591"></status>
</kw>
<status status="PASS" starttime="20200909 23:00:37.577" endtime="20200909 23:00:37.591"></status>
</kw>
<kw name="${scsi_id} = 5" type="foritem">
<kw name="Delete SCSI ID ${scsi_id} from Linux" library="linux_scsi_utils">
<doc>Remove a SCSI ID from Linux. Basically, will un-do the Scan action</doc>
<kw name="Run" library="OperatingSystem">
<doc>Runs the given command in the system and returns the output.</doc>
<arguments>
<arg>sudo bash -c "echo 1 &gt; /sys/class/scsi_device/0:0:${scsi_id}:0/device/delete" 2&gt;&amp;1 &gt; /dev/null</arg>
</arguments>
<msg timestamp="20200909 23:00:37.595" level="INFO">Running command 'sudo bash -c "echo 1 &gt; /sys/class/scsi_device/0:0:5:0/device/delete" 2&gt;&amp;1 &gt; /dev/null'.</msg>
<status status="PASS" starttime="20200909 23:00:37.593" endtime="20200909 23:00:37.606"></status>
</kw>
<status status="PASS" starttime="20200909 23:00:37.592" endtime="20200909 23:00:37.606"></status>
</kw>
<status status="PASS" starttime="20200909 23:00:37.591" endtime="20200909 23:00:37.606"></status>
</kw>
<kw name="${scsi_id} = 6" type="foritem">
<kw name="Delete SCSI ID ${scsi_id} from Linux" library="linux_scsi_utils">
<doc>Remove a SCSI ID from Linux. Basically, will un-do the Scan action</doc>
<kw name="Run" library="OperatingSystem">
<doc>Runs the given command in the system and returns the output.</doc>
<arguments>
<arg>sudo bash -c "echo 1 &gt; /sys/class/scsi_device/0:0:${scsi_id}:0/device/delete" 2&gt;&amp;1 &gt; /dev/null</arg>
</arguments>
<msg timestamp="20200909 23:00:37.612" level="INFO">Running command 'sudo bash -c "echo 1 &gt; /sys/class/scsi_device/0:0:6:0/device/delete" 2&gt;&amp;1 &gt; /dev/null'.</msg>
<status status="PASS" starttime="20200909 23:00:37.609" endtime="20200909 23:00:37.641"></status>
</kw>
<status status="PASS" starttime="20200909 23:00:37.607" endtime="20200909 23:00:37.641"></status>
</kw>
<status status="PASS" starttime="20200909 23:00:37.607" endtime="20200909 23:00:37.642"></status>
</kw>
<status status="PASS" starttime="20200909 23:00:37.512" endtime="20200909 23:00:37.642"></status>
</kw>
<status status="PASS" starttime="20200909 23:00:37.512" endtime="20200909 23:00:37.642"></status>
</kw>
<kw name="Delete all RaSCSI drive images" library="rascsi_utils">
<doc>Delete all of the temporary drive images that were created on the RaSCSI host</doc>
<kw name="Remove File" library="OperatingSystem">
<doc>Removes a file with the given path.</doc>
<arguments>
<arg>/home/pi/images/tmp_*</arg>
</arguments>
<msg timestamp="20200909 23:00:37.644" level="INFO" html="yes">File '&lt;a href="file:///home/pi/images/tmp_*"&gt;/home/pi/images/tmp_*&lt;/a&gt;' does not exist.</msg>
<status status="PASS" starttime="20200909 23:00:37.643" endtime="20200909 23:00:37.644"></status>
</kw>
<status status="PASS" starttime="20200909 23:00:37.642" endtime="20200909 23:00:37.644"></status>
</kw>
<status status="PASS" starttime="20200909 23:00:37.071" endtime="20200909 23:00:37.645"></status>
</kw>
<doc>Mount a MacOS formatted ISO and check that its size is
detected correctly. Note that Linux is not able to
mount this image. Note: Marathon was chosen because
its a reasonably small image. Large images will make
this test take a LONG time.</doc>
<status status="PASS" starttime="20200909 22:59:56.343" endtime="20200909 23:00:37.645" critical="yes"></status>
</test>
<test id="s1-s1-t2" name="ISO-9660 formated ISO is mounted correct size is reported">
<kw name="Given CD-ROM Drive is attached as SCSI ID 5" library="rascsi_utils">
<doc>Attaches a CD-ROM device (without any media) to the RaSCSI</doc>
<kw name="Execute Command" library="SSHLibrary">
<doc>Executes ``command`` on the remote machine and returns its outputs.</doc>
<arguments>
<arg>rasctl -i ${scsi_id} -c attach -t cd</arg>
</arguments>
<assign>
<var>${rasctl_output}</var>
</assign>
<msg timestamp="20200909 23:00:37.647" level="INFO">Executing command 'rasctl -i 5 -c attach -t cd'.</msg>
<msg timestamp="20200909 23:00:37.681" level="INFO">Command exited with return code 0.</msg>
<msg timestamp="20200909 23:00:37.681" level="INFO">${rasctl_output} = </msg>
<status status="PASS" starttime="20200909 23:00:37.646" endtime="20200909 23:00:37.681"></status>
</kw>
<kw name="Log" library="BuiltIn">
<doc>Logs the given message with the given level.</doc>
<arguments>
<arg>${rasctl_output}</arg>
</arguments>
<msg timestamp="20200909 23:00:37.682" level="INFO"></msg>
<status status="PASS" starttime="20200909 23:00:37.682" endtime="20200909 23:00:37.682"></status>
</kw>
<kw name="Execute Command" library="SSHLibrary">
<doc>Executes ``command`` on the remote machine and returns its outputs.</doc>
<arguments>
<arg>rasctl -l</arg>
</arguments>
<assign>
<var>${rasctl_output}</var>
</assign>
<msg timestamp="20200909 23:00:37.682" level="INFO">Executing command 'rasctl -l'.</msg>
<msg timestamp="20200909 23:00:37.751" level="INFO">Command exited with return code 0.</msg>
<msg timestamp="20200909 23:00:37.752" level="INFO">${rasctl_output} = 
+----+----+------+-------------------------------------
| ID | UN | TYPE | DEVICE STATUS
+----+----+------+-------------------------------------
|  5 |  0 | SCCD | NO MEDIA
+----+----+------+--------...</msg>
<status status="PASS" starttime="20200909 23:00:37.682" endtime="20200909 23:00:37.752"></status>
</kw>
<kw name="Log" library="BuiltIn">
<doc>Logs the given message with the given level.</doc>
<arguments>
<arg>${rasctl_output}</arg>
</arguments>
<msg timestamp="20200909 23:00:37.752" level="INFO">
+----+----+------+-------------------------------------
| ID | UN | TYPE | DEVICE STATUS
+----+----+------+-------------------------------------
|  5 |  0 | SCCD | NO MEDIA
+----+----+------+-------------------------------------</msg>
<status status="PASS" starttime="20200909 23:00:37.752" endtime="20200909 23:00:37.753"></status>
</kw>
<kw name="Rescan SCSI Bus" library="linux_scsi_utils">
<doc>Commands Linux to re-scan the SCSI bus on the local host</doc>
<kw name="Run" library="OperatingSystem">
<doc>Runs the given command in the system and returns the output.</doc>
<arguments>
<arg>sudo bash -c "echo \\"- - -\\" &gt; /sys/class/scsi_host/host0/scan"</arg>
</arguments>
<assign>
<var>${result}</var>
</assign>
<msg timestamp="20200909 23:00:37.756" level="INFO">Running command 'sudo bash -c "echo \"- - -\" &gt; /sys/class/scsi_host/host0/scan"'.</msg>
<msg timestamp="20200909 23:00:42.262" level="INFO">${result} = </msg>
<status status="PASS" starttime="20200909 23:00:37.753" endtime="20200909 23:00:42.262"></status>
</kw>
<kw name="Run" library="OperatingSystem">
<doc>Runs the given command in the system and returns the output.</doc>
<arguments>
<arg>lsscsi</arg>
</arguments>
<assign>
<var>${lsscsi}</var>
</assign>
<msg timestamp="20200909 23:00:42.266" level="INFO">Running command 'lsscsi 2&gt;&amp;1'.</msg>
<msg timestamp="20200909 23:00:42.270" level="INFO">${lsscsi} = [0:0:5:0]    cd/dvd  RaSCSI   CD-ROM CDU-55S   0147  /dev/sr0 
[1:0:0:0]    disk    ATA      WDC WD2500JS-41S 6C04  /dev/sdb 
[2:0:0:0]    cd/dvd  TSSTcorp DVDWBD SH-B123L  SB04  /dev/sr1 
[4:0:0:0]  ...</msg>
<status status="PASS" starttime="20200909 23:00:42.262" endtime="20200909 23:00:42.270"></status>
</kw>
<kw name="Log" library="BuiltIn">
<doc>Logs the given message with the given level.</doc>
<arguments>
<arg>${lsscsi}</arg>
</arguments>
<msg timestamp="20200909 23:00:42.272" level="INFO">[0:0:5:0]    cd/dvd  RaSCSI   CD-ROM CDU-55S   0147  /dev/sr0 
[1:0:0:0]    disk    ATA      WDC WD2500JS-41S 6C04  /dev/sdb 
[2:0:0:0]    cd/dvd  TSSTcorp DVDWBD SH-B123L  SB04  /dev/sr1 
[4:0:0:0]    disk    ATA      Hitachi HDS72101 A41A  /dev/sdc </msg>
<status status="PASS" starttime="20200909 23:00:42.271" endtime="20200909 23:00:42.272"></status>
</kw>
<status status="PASS" starttime="20200909 23:00:37.753" endtime="20200909 23:00:42.273"></status>
</kw>
<status status="PASS" starttime="20200909 23:00:37.646" endtime="20200909 23:00:42.273"></status>
</kw>
<kw name="When Insert Removable Media ubuntu-12.04.5-server-amd64.iso into SCSI ID 5" library="rascsi_utils">
<kw name="Execute Command" library="SSHLibrary">
<doc>Executes ``command`` on the remote machine and returns its outputs.</doc>
<arguments>
<arg>rasctl -c insert -i ${scsi_id} -f /home/pi/images/${image}</arg>
</arguments>
<msg timestamp="20200909 23:00:42.276" level="INFO">Executing command 'rasctl -c insert -i 5 -f /home/pi/images/ubuntu-12.04.5-server-amd64.iso'.</msg>
<msg timestamp="20200909 23:00:42.311" level="INFO">Command exited with return code 0.</msg>
<status status="PASS" starttime="20200909 23:00:42.275" endtime="20200909 23:00:42.312"></status>
</kw>
<kw name="Execute Command" library="SSHLibrary">
<doc>Executes ``command`` on the remote machine and returns its outputs.</doc>
<arguments>
<arg>rasctl -l</arg>
</arguments>
<assign>
<var>${result}</var>
</assign>
<msg timestamp="20200909 23:00:42.312" level="INFO">Executing command 'rasctl -l'.</msg>
<msg timestamp="20200909 23:00:42.392" level="INFO">Command exited with return code 0.</msg>
<msg timestamp="20200909 23:00:42.393" level="INFO">${result} = 
+----+----+------+-------------------------------------
| ID | UN | TYPE | DEVICE STATUS
+----+----+------+-------------------------------------
|  5 |  0 | SCCD | /home/pi/images/ubuntu-12.04.5-serv...</msg>
<status status="PASS" starttime="20200909 23:00:42.312" endtime="20200909 23:00:42.393"></status>
</kw>
<kw name="Log" library="BuiltIn">
<doc>Logs the given message with the given level.</doc>
<arguments>
<arg>${result}</arg>
</arguments>
<msg timestamp="20200909 23:00:42.394" level="INFO">
+----+----+------+-------------------------------------
| ID | UN | TYPE | DEVICE STATUS
+----+----+------+-------------------------------------
|  5 |  0 | SCCD | /home/pi/images/ubuntu-12.04.5-server-amd64.iso(WRITEPROTECT)
+----+----+------+-------------------------------------</msg>
<status status="PASS" starttime="20200909 23:00:42.393" endtime="20200909 23:00:42.394"></status>
</kw>
<status status="PASS" starttime="20200909 23:00:42.274" endtime="20200909 23:00:42.394"></status>
</kw>
<kw name="And Mount SCSI ID 5 as ubuntu" library="linux_scsi_utils">
<doc>Mount the specified SCSI ID at the specified path in /mnt</doc>
<kw name="Run" library="OperatingSystem">
<doc>Runs the given command in the system and returns the output.</doc>
<arguments>
<arg>sudo mkdir -p /mnt/${folder_name}</arg>
</arguments>
<msg timestamp="20200909 23:00:42.400" level="INFO">Running command 'sudo mkdir -p /mnt/ubuntu 2&gt;&amp;1'.</msg>
<status status="PASS" starttime="20200909 23:00:42.396" endtime="20200909 23:00:42.412"></status>
</kw>
<kw name="Get device id for SCSI ID ${scsi_id}" library="linux_scsi_utils">
<doc>Lookup the device name (ex /dev/sr0) for the specified SCSI ID</doc>
<assign>
<var>${device}</var>
</assign>
<kw name="Run" library="OperatingSystem">
<doc>Runs the given command in the system and returns the output.</doc>
<arguments>
<arg>lsscsi --brief |grep \\\\[0\\\\:0\\\\:${scsi_id}\\\\:0\\\\] | cut -f 5 --delimiter=" "</arg>
</arguments>
<assign>
<var>${lsscsi_output}</var>
</assign>
<msg timestamp="20200909 23:00:42.415" level="INFO">Running command 'lsscsi --brief |grep \\[0\\:0\\:5\\:0\\] | cut -f 5 --delimiter=" " 2&gt;&amp;1'.</msg>
<msg timestamp="20200909 23:00:42.417" level="INFO">${lsscsi_output} = /dev/sr0</msg>
<status status="PASS" starttime="20200909 23:00:42.413" endtime="20200909 23:00:42.417"></status>
</kw>
<kw name="Should Match Regexp" library="BuiltIn">
<doc>Fails if ``string`` does not match ``pattern`` as a regular expression.</doc>
<arguments>
<arg>${lsscsi_output}</arg>
<arg>\/dev\/[\\w\\d]+</arg>
<arg>Unable to find device ID for SCSI ID ${scsi_id}</arg>
</arguments>
<status status="PASS" starttime="20200909 23:00:42.418" endtime="20200909 23:00:42.418"></status>
</kw>
<msg timestamp="20200909 23:00:42.418" level="INFO">${device} = /dev/sr0</msg>
<status status="PASS" starttime="20200909 23:00:42.412" endtime="20200909 23:00:42.418"></status>
</kw>
<kw name="Run" library="OperatingSystem">
<doc>Runs the given command in the system and returns the output.</doc>
<arguments>
<arg>sudo mount ${device} /mnt/${folder_name}</arg>
</arguments>
<msg timestamp="20200909 23:00:42.421" level="INFO">Running command 'sudo mount /dev/sr0 /mnt/ubuntu 2&gt;&amp;1'.</msg>
<status status="PASS" starttime="20200909 23:00:42.419" endtime="20200909 23:00:43.544"></status>
</kw>
<kw name="Run" library="OperatingSystem">
<doc>Runs the given command in the system and returns the output.</doc>
<arguments>
<arg>df -h</arg>
</arguments>
<assign>
<var>${df}</var>
</assign>
<msg timestamp="20200909 23:00:43.553" level="INFO">Running command 'df -h 2&gt;&amp;1'.</msg>
<msg timestamp="20200909 23:00:43.556" level="INFO">${df} = Filesystem      Size  Used Avail Use% Mounted on
udev            3.9G     0  3.9G   0% /dev
tmpfs           788M  1.7M  787M   1% /run
/dev/sdb1       221G  6.2G  204G   3% /
tmpfs           3.9G   47...</msg>
<status status="PASS" starttime="20200909 23:00:43.545" endtime="20200909 23:00:43.556"></status>
</kw>
<kw name="Log" library="BuiltIn">
<doc>Logs the given message with the given level.</doc>
<arguments>
<arg>${df}</arg>
</arguments>
<msg timestamp="20200909 23:00:43.557" level="INFO">Filesystem      Size  Used Avail Use% Mounted on
udev            3.9G     0  3.9G   0% /dev
tmpfs           788M  1.7M  787M   1% /run
/dev/sdb1       221G  6.2G  204G   3% /
tmpfs           3.9G   47M  3.9G   2% /dev/shm
tmpfs           5.0M  4.0K  5.0M   1% /run/lock
tmpfs           3.9G     0  3.9G   0% /sys/fs/cgroup
/dev/loop2       55M   55M     0 100% /snap/core18/1880
/dev/loop4       50M   50M     0 100% /snap/snap-store/467
/dev/loop5       56M   56M     0 100% /snap/core18/1885
/dev/loop6       30M   30M     0 100% /snap/snapd/8790
/dev/loop8       30M   30M     0 100% /snap/snapd/8542
/dev/loop0       63M   63M     0 100% /snap/gtk-common-themes/1506
/dev/loop1      256M  256M     0 100% /snap/gnome-3-34-1804/36
/dev/loop7      156M  156M     0 100% /snap/code/42
/dev/loop3       97M   97M     0 100% /snap/core/9804
/dev/sdc1       916G  874M  869G   1% /home
tmpfs           788M   28K  788M   1% /run/user/125
/dev/sda1       460M   17M  409M   4% /mnt/sda1
tmpfs           788M   16K  788M   1% /run/user/1000
/dev/sr0        689M  689M     0 100% /mnt/ubuntu</msg>
<status status="PASS" starttime="20200909 23:00:43.557" endtime="20200909 23:00:43.557"></status>
</kw>
<status status="PASS" starttime="20200909 23:00:42.395" endtime="20200909 23:00:43.558"></status>
</kw>
<kw name="Then SCSI ID 5 has been mounted at ubuntu" library="linux_scsi_utils">
<doc>Check that the 'df' utility reports that the specified SCSI ID is
mounted at the path specified</doc>
<kw name="Get device id for SCSI ID ${scsi_id}" library="linux_scsi_utils">
<doc>Lookup the device name (ex /dev/sr0) for the specified SCSI ID</doc>
<assign>
<var>${device}</var>
</assign>
<kw name="Run" library="OperatingSystem">
<doc>Runs the given command in the system and returns the output.</doc>
<arguments>
<arg>lsscsi --brief |grep \\\\[0\\\\:0\\\\:${scsi_id}\\\\:0\\\\] | cut -f 5 --delimiter=" "</arg>
</arguments>
<assign>
<var>${lsscsi_output}</var>
</assign>
<msg timestamp="20200909 23:00:43.561" level="INFO">Running command 'lsscsi --brief |grep \\[0\\:0\\:5\\:0\\] | cut -f 5 --delimiter=" " 2&gt;&amp;1'.</msg>
<msg timestamp="20200909 23:00:43.563" level="INFO">${lsscsi_output} = /dev/sr0</msg>
<status status="PASS" starttime="20200909 23:00:43.559" endtime="20200909 23:00:43.563"></status>
</kw>
<kw name="Should Match Regexp" library="BuiltIn">
<doc>Fails if ``string`` does not match ``pattern`` as a regular expression.</doc>
<arguments>
<arg>${lsscsi_output}</arg>
<arg>\/dev\/[\\w\\d]+</arg>
<arg>Unable to find device ID for SCSI ID ${scsi_id}</arg>
</arguments>
<status status="PASS" starttime="20200909 23:00:43.564" endtime="20200909 23:00:43.565"></status>
</kw>
<msg timestamp="20200909 23:00:43.565" level="INFO">${device} = /dev/sr0</msg>
<status status="PASS" starttime="20200909 23:00:43.559" endtime="20200909 23:00:43.565"></status>
</kw>
<kw name="Run" library="OperatingSystem">
<doc>Runs the given command in the system and returns the output.</doc>
<arguments>
<arg>mount | grep ${device} | cut --delimiter=" " -f 3</arg>
</arguments>
<assign>
<var>${df_output}</var>
</assign>
<msg timestamp="20200909 23:00:43.567" level="INFO">Running command 'mount | grep /dev/sr0 | cut --delimiter=" " -f 3 2&gt;&amp;1'.</msg>
<msg timestamp="20200909 23:00:43.570" level="INFO">${df_output} = /mnt/ubuntu</msg>
<status status="PASS" starttime="20200909 23:00:43.565" endtime="20200909 23:00:43.570"></status>
</kw>
<kw name="Log" library="BuiltIn">
<doc>Logs the given message with the given level.</doc>
<arguments>
<arg>${df_output}</arg>
</arguments>
<msg timestamp="20200909 23:00:43.570" level="INFO">/mnt/ubuntu</msg>
<status status="PASS" starttime="20200909 23:00:43.570" endtime="20200909 23:00:43.570"></status>
</kw>
<status status="PASS" starttime="20200909 23:00:43.558" endtime="20200909 23:00:43.571"></status>
</kw>
<kw name="And the size of SCSI ID 5 is equal to the size of ubuntu-12.04.5-server-amd64.iso" library="linux_scsi_utils">
<doc>Get the size of the SCSI device specified and the size of the drive
image and make sure they're equal</doc>
<kw name="Get size of SCSI ID ${scsi_id} device in bytes" library="linux_scsi_utils">
<doc>Given a SCSI ID, determine how big that drive is (in bytes)</doc>
<assign>
<var>${device_size}</var>
</assign>
<kw name="Get device id for SCSI ID ${scsi_id}" library="linux_scsi_utils">
<doc>Lookup the device name (ex /dev/sr0) for the specified SCSI ID</doc>
<assign>
<var>${device_id}</var>
</assign>
<kw name="Run" library="OperatingSystem">
<doc>Runs the given command in the system and returns the output.</doc>
<arguments>
<arg>lsscsi --brief |grep \\\\[0\\\\:0\\\\:${scsi_id}\\\\:0\\\\] | cut -f 5 --delimiter=" "</arg>
</arguments>
<assign>
<var>${lsscsi_output}</var>
</assign>
<msg timestamp="20200909 23:00:43.575" level="INFO">Running command 'lsscsi --brief |grep \\[0\\:0\\:5\\:0\\] | cut -f 5 --delimiter=" " 2&gt;&amp;1'.</msg>
<msg timestamp="20200909 23:00:43.578" level="INFO">${lsscsi_output} = /dev/sr0</msg>
<status status="PASS" starttime="20200909 23:00:43.573" endtime="20200909 23:00:43.578"></status>
</kw>
<kw name="Should Match Regexp" library="BuiltIn">
<doc>Fails if ``string`` does not match ``pattern`` as a regular expression.</doc>
<arguments>
<arg>${lsscsi_output}</arg>
<arg>\/dev\/[\\w\\d]+</arg>
<arg>Unable to find device ID for SCSI ID ${scsi_id}</arg>
</arguments>
<status status="PASS" starttime="20200909 23:00:43.578" endtime="20200909 23:00:43.579"></status>
</kw>
<msg timestamp="20200909 23:00:43.579" level="INFO">${device_id} = /dev/sr0</msg>
<status status="PASS" starttime="20200909 23:00:43.572" endtime="20200909 23:00:43.579"></status>
</kw>
<kw name="Get size of device id ${device_id} in bytes" library="linux_scsi_utils">
<doc>Decypher the output of lsblk to determine the size of the
specified device ID</doc>
<assign>
<var>${device_size}</var>
</assign>
<kw name="Remove String Using Regexp" library="String">
<doc>Removes ``patterns`` from the given ``string``.</doc>
<arguments>
<arg>${device_id}</arg>
<arg>\/dev\/</arg>
</arguments>
<assign>
<var>${bare_device_id}</var>
</assign>
<msg timestamp="20200909 23:00:43.581" level="INFO">${bare_device_id} = sr0</msg>
<status status="PASS" starttime="20200909 23:00:43.580" endtime="20200909 23:00:43.581"></status>
</kw>
<kw name="Run" library="OperatingSystem">
<doc>Runs the given command in the system and returns the output.</doc>
<arguments>
<arg>lsblk --raw --bytes | grep ${bare_device_id} | cut -f 4 --delimiter=" "</arg>
</arguments>
<assign>
<var>${lsblk_output}</var>
</assign>
<msg timestamp="20200909 23:00:43.583" level="INFO">Running command 'lsblk --raw --bytes | grep sr0 | cut -f 4 --delimiter=" " 2&gt;&amp;1'.</msg>
<msg timestamp="20200909 23:00:43.589" level="INFO">${lsblk_output} = 722468864</msg>
<status status="PASS" starttime="20200909 23:00:43.581" endtime="20200909 23:00:43.589"></status>
</kw>
<msg timestamp="20200909 23:00:43.590" level="INFO">${device_size} = 722468864</msg>
<status status="PASS" starttime="20200909 23:00:43.580" endtime="20200909 23:00:43.590"></status>
</kw>
<msg timestamp="20200909 23:00:43.590" level="INFO">${device_size} = 722468864</msg>
<status status="PASS" starttime="20200909 23:00:43.572" endtime="20200909 23:00:43.590"></status>
</kw>
<kw name="Get Size of RaSCSI Image ${image_name} in bytes" library="rascsi_utils">
<doc>Return the size of the specified disk image in bytes</doc>
<assign>
<var>${image_size}</var>
</assign>
<kw name="Execute Command" library="SSHLibrary">
<doc>Executes ``command`` on the remote machine and returns its outputs.</doc>
<arguments>
<arg>du -b /home/pi/images/${image_name} | cut -f 1</arg>
</arguments>
<assign>
<var>${size_output}</var>
</assign>
<msg timestamp="20200909 23:00:43.592" level="INFO">Executing command 'du -b /home/pi/images/ubuntu-12.04.5-server-amd64.iso | cut -f 1'.</msg>
<msg timestamp="20200909 23:00:43.616" level="INFO">Command exited with return code 0.</msg>
<msg timestamp="20200909 23:00:43.616" level="INFO">${size_output} = 722468864</msg>
<status status="PASS" starttime="20200909 23:00:43.591" endtime="20200909 23:00:43.616"></status>
</kw>
<msg timestamp="20200909 23:00:43.617" level="INFO">${image_size} = 722468864</msg>
<status status="PASS" starttime="20200909 23:00:43.590" endtime="20200909 23:00:43.617"></status>
</kw>
<kw name="Should Be Equal" library="BuiltIn">
<doc>Fails if the given objects are unequal.</doc>
<arguments>
<arg>${device_size}</arg>
<arg>${image_size}</arg>
<arg>The device size did not match the image size</arg>
</arguments>
<status status="PASS" starttime="20200909 23:00:43.617" endtime="20200909 23:00:43.618"></status>
</kw>
<status status="PASS" starttime="20200909 23:00:43.571" endtime="20200909 23:00:43.618"></status>
</kw>
<kw name="And the filesystem type of SCSI ID 5 is iso9660" library="linux_scsi_utils">
<doc>Fetches the filesystem type of the specified SCSI ID and checks that it matches</doc>
<kw name="Get filesystem type of SCSI ID ${scsi_id}" library="linux_scsi_utils">
<doc>Get the type of file system for the specified scsi ID. It needs to be
mounted in order for this command to work</doc>
<assign>
<var>${actual_fs_type}</var>
</assign>
<kw name="Get device id for SCSI ID ${scsi_id}" library="linux_scsi_utils">
<doc>Lookup the device name (ex /dev/sr0) for the specified SCSI ID</doc>
<assign>
<var>${device_id}</var>
</assign>
<kw name="Run" library="OperatingSystem">
<doc>Runs the given command in the system and returns the output.</doc>
<arguments>
<arg>lsscsi --brief |grep \\\\[0\\\\:0\\\\:${scsi_id}\\\\:0\\\\] | cut -f 5 --delimiter=" "</arg>
</arguments>
<assign>
<var>${lsscsi_output}</var>
</assign>
<msg timestamp="20200909 23:00:43.625" level="INFO">Running command 'lsscsi --brief |grep \\[0\\:0\\:5\\:0\\] | cut -f 5 --delimiter=" " 2&gt;&amp;1'.</msg>
<msg timestamp="20200909 23:00:43.628" level="INFO">${lsscsi_output} = /dev/sr0</msg>
<status status="PASS" starttime="20200909 23:00:43.621" endtime="20200909 23:00:43.628"></status>
</kw>
<kw name="Should Match Regexp" library="BuiltIn">
<doc>Fails if ``string`` does not match ``pattern`` as a regular expression.</doc>
<arguments>
<arg>${lsscsi_output}</arg>
<arg>\/dev\/[\\w\\d]+</arg>
<arg>Unable to find device ID for SCSI ID ${scsi_id}</arg>
</arguments>
<status status="PASS" starttime="20200909 23:00:43.628" endtime="20200909 23:00:43.629"></status>
</kw>
<msg timestamp="20200909 23:00:43.629" level="INFO">${device_id} = /dev/sr0</msg>
<status status="PASS" starttime="20200909 23:00:43.621" endtime="20200909 23:00:43.629"></status>
</kw>
<kw name="Run" library="OperatingSystem">
<doc>Runs the given command in the system and returns the output.</doc>
<arguments>
<arg>mount | grep ${device_id}</arg>
</arguments>
<assign>
<var>${raw}</var>
</assign>
<msg timestamp="20200909 23:00:43.631" level="INFO">Running command 'mount | grep /dev/sr0 2&gt;&amp;1'.</msg>
<msg timestamp="20200909 23:00:43.634" level="INFO">${raw} = /dev/sr0 on /mnt/ubuntu type iso9660 (ro,relatime,nojoliet,check=s,map=n,blocksize=2048)</msg>
<status status="PASS" starttime="20200909 23:00:43.629" endtime="20200909 23:00:43.634"></status>
</kw>
<kw name="Log" library="BuiltIn">
<doc>Logs the given message with the given level.</doc>
<arguments>
<arg>${raw}</arg>
</arguments>
<msg timestamp="20200909 23:00:43.635" level="INFO">/dev/sr0 on /mnt/ubuntu type iso9660 (ro,relatime,nojoliet,check=s,map=n,blocksize=2048)</msg>
<status status="PASS" starttime="20200909 23:00:43.635" endtime="20200909 23:00:43.635"></status>
</kw>
<kw name="Run" library="OperatingSystem">
<doc>Runs the given command in the system and returns the output.</doc>
<arguments>
<arg>mount |grep ${device_id} |cut --delimiter=" " -f 5</arg>
</arguments>
<assign>
<var>${filesystem_type}</var>
</assign>
<msg timestamp="20200909 23:00:43.638" level="INFO">Running command 'mount |grep /dev/sr0 |cut --delimiter=" " -f 5 2&gt;&amp;1'.</msg>
<msg timestamp="20200909 23:00:43.642" level="INFO">${filesystem_type} = iso9660</msg>
<status status="PASS" starttime="20200909 23:00:43.635" endtime="20200909 23:00:43.643"></status>
</kw>
<msg timestamp="20200909 23:00:43.643" level="INFO">${actual_fs_type} = iso9660</msg>
<status status="PASS" starttime="20200909 23:00:43.620" endtime="20200909 23:00:43.643"></status>
</kw>
<kw name="Should Be Equal" library="BuiltIn">
<doc>Fails if the given objects are unequal.</doc>
<arguments>
<arg>${fs_type}</arg>
<arg>${actual_fs_type}</arg>
<arg>Incorrect file system type detected</arg>
</arguments>
<status status="PASS" starttime="20200909 23:00:43.643" endtime="20200909 23:00:43.644"></status>
</kw>
<status status="PASS" starttime="20200909 23:00:43.619" endtime="20200909 23:00:43.644"></status>
</kw>
<kw name="And the file pics/debian.jpg in the ubuntu directory matches the original in ISO ubuntu-12.04.5-server-amd64.iso" library="linux_scsi_utils">
<doc>Check that the file ready by the host through the RaSCSI interface and make sure
that the checksum matches the original file extracted from the ISO</doc>
<kw name="Get checksum of file /mnt/${directory}/${filename}" library="linux_scsi_utils">
<assign>
<var>${host_file_checksum}</var>
</assign>
<kw name="Run" library="OperatingSystem">
<doc>Runs the given command in the system and returns the output.</doc>
<arguments>
<arg>md5sum ${full_file_path} | cut -f 1 --delimiter=" "</arg>
</arguments>
<assign>
<var>${checksum}</var>
</assign>
<msg timestamp="20200909 23:00:43.648" level="INFO">Running command 'md5sum /mnt/ubuntu/pics/debian.jpg | cut -f 1 --delimiter=" " 2&gt;&amp;1'.</msg>
<msg timestamp="20200909 23:00:43.861" level="INFO">${checksum} = 16ff51c168405e575d32bae001f280e4</msg>
<status status="PASS" starttime="20200909 23:00:43.646" endtime="20200909 23:00:43.861"></status>
</kw>
<msg timestamp="20200909 23:00:43.862" level="INFO">${host_file_checksum} = 16ff51c168405e575d32bae001f280e4</msg>
<status status="PASS" starttime="20200909 23:00:43.645" endtime="20200909 23:00:43.862"></status>
</kw>
<kw name="Get checksum of ${filename} from ISO ${drive_image} on the RaSCSI Host" library="rascsi_utils">
<doc>Extracts the specified file from the ISO, calculates the checksum
then returns that value</doc>
<assign>
<var>${rascsi_file_checksum}</var>
</assign>
<kw name="Generate Random String" library="String">
<doc>Generates a string with a desired ``length`` from the given ``chars``.</doc>
<arguments>
<arg>10</arg>
<arg>[LETTERS]</arg>
</arguments>
<assign>
<var>${temp_dirname}</var>
</assign>
<msg timestamp="20200909 23:00:43.864" level="INFO">${temp_dirname} = lYCSjDJuPM</msg>
<status status="PASS" starttime="20200909 23:00:43.863" endtime="20200909 23:00:43.864"></status>
</kw>
<kw name="Execute Command" library="SSHLibrary">
<doc>Executes ``command`` on the remote machine and returns its outputs.</doc>
<arguments>
<arg>mkdir /tmp/${temp_dirname}</arg>
<arg>sudo=True</arg>
<arg>sudo_password=${Rascsi_Password}</arg>
</arguments>
<msg timestamp="20200909 23:00:43.865" level="INFO">Executing command 'sudo mkdir /tmp/lYCSjDJuPM'.</msg>
<msg timestamp="20200909 23:00:44.051" level="INFO">Command exited with return code 0.</msg>
<status status="PASS" starttime="20200909 23:00:43.864" endtime="20200909 23:00:44.052"></status>
</kw>
<kw name="Execute Command" library="SSHLibrary">
<doc>Executes ``command`` on the remote machine and returns its outputs.</doc>
<arguments>
<arg>mount /home/pi/images/${image_name} /tmp/${temp_dirname}</arg>
<arg>sudo=True</arg>
<arg>sudo_password=${Rascsi_Password}</arg>
</arguments>
<msg timestamp="20200909 23:00:44.053" level="INFO">Executing command 'sudo mount /home/pi/images/ubuntu-12.04.5-server-amd64.iso /tmp/lYCSjDJuPM'.</msg>
<msg timestamp="20200909 23:00:44.464" level="INFO">Command exited with return code 0.</msg>
<status status="PASS" starttime="20200909 23:00:44.052" endtime="20200909 23:00:44.464"></status>
</kw>
<kw name="Execute Command" library="SSHLibrary">
<doc>Executes ``command`` on the remote machine and returns its outputs.</doc>
<arguments>
<arg>md5sum /tmp/${temp_dirname}/${filename} | cut -f 1 --delimiter=" "</arg>
</arguments>
<assign>
<var>${checksum}</var>
</assign>
<msg timestamp="20200909 23:00:44.466" level="INFO">Executing command 'md5sum /tmp/lYCSjDJuPM/pics/debian.jpg | cut -f 1 --delimiter=" "'.</msg>
<msg timestamp="20200909 23:00:44.542" level="INFO">Command exited with return code 0.</msg>
<msg timestamp="20200909 23:00:44.542" level="INFO">${checksum} = 16ff51c168405e575d32bae001f280e4</msg>
<status status="PASS" starttime="20200909 23:00:44.465" endtime="20200909 23:00:44.542"></status>
</kw>
<kw name="Execute Command" library="SSHLibrary">
<doc>Executes ``command`` on the remote machine and returns its outputs.</doc>
<arguments>
<arg>umount /tmp/${temp_dirname}</arg>
<arg>sudo=True</arg>
<arg>sudo_password=${Rascsi_Password}</arg>
</arguments>
<msg timestamp="20200909 23:00:44.543" level="INFO">Executing command 'sudo umount /tmp/lYCSjDJuPM'.</msg>
<msg timestamp="20200909 23:00:45.046" level="INFO">Command exited with return code 0.</msg>
<status status="PASS" starttime="20200909 23:00:44.542" endtime="20200909 23:00:45.046"></status>
</kw>
<kw name="Execute Command" library="SSHLibrary">
<doc>Executes ``command`` on the remote machine and returns its outputs.</doc>
<arguments>
<arg>rm -rf /tmp/${temp_dirname}</arg>
<arg>sudo=True</arg>
<arg>sudo_password=${Rascsi_Password}</arg>
</arguments>
<msg timestamp="20200909 23:00:45.047" level="INFO">Executing command 'sudo rm -rf /tmp/lYCSjDJuPM'.</msg>
<msg timestamp="20200909 23:00:45.391" level="INFO">Command exited with return code 0.</msg>
<status status="PASS" starttime="20200909 23:00:45.046" endtime="20200909 23:00:45.391"></status>
</kw>
<msg timestamp="20200909 23:00:45.392" level="INFO">${rascsi_file_checksum} = 16ff51c168405e575d32bae001f280e4</msg>
<status status="PASS" starttime="20200909 23:00:43.862" endtime="20200909 23:00:45.392"></status>
</kw>
<kw name="Should Be Equal" library="BuiltIn">
<doc>Fails if the given objects are unequal.</doc>
<arguments>
<arg>${host_file_checksum}</arg>
<arg>${rascsi_file_checksum}</arg>
<arg>${filename} did not match between the host and the RaSCSI</arg>
</arguments>
<status status="PASS" starttime="20200909 23:00:45.392" endtime="20200909 23:00:45.393"></status>
</kw>
<status status="PASS" starttime="20200909 23:00:43.645" endtime="20200909 23:00:45.393"></status>
</kw>
<kw name="And the file install/vmlinuz in the ubuntu directory matches the original in ISO ubuntu-12.04.5-server-amd64.iso" library="linux_scsi_utils">
<doc>Check that the file ready by the host through the RaSCSI interface and make sure
that the checksum matches the original file extracted from the ISO</doc>
<kw name="Get checksum of file /mnt/${directory}/${filename}" library="linux_scsi_utils">
<assign>
<var>${host_file_checksum}</var>
</assign>
<kw name="Run" library="OperatingSystem">
<doc>Runs the given command in the system and returns the output.</doc>
<arguments>
<arg>md5sum ${full_file_path} | cut -f 1 --delimiter=" "</arg>
</arguments>
<assign>
<var>${checksum}</var>
</assign>
<msg timestamp="20200909 23:00:45.399" level="INFO">Running command 'md5sum /mnt/ubuntu/install/vmlinuz | cut -f 1 --delimiter=" " 2&gt;&amp;1'.</msg>
<msg timestamp="20200909 23:00:51.828" level="INFO">${checksum} = 3591ccf80b0181819ec7ba951abdfe18</msg>
<status status="PASS" starttime="20200909 23:00:45.396" endtime="20200909 23:00:51.828"></status>
</kw>
<msg timestamp="20200909 23:00:51.829" level="INFO">${host_file_checksum} = 3591ccf80b0181819ec7ba951abdfe18</msg>
<status status="PASS" starttime="20200909 23:00:45.395" endtime="20200909 23:00:51.829"></status>
</kw>
<kw name="Get checksum of ${filename} from ISO ${drive_image} on the RaSCSI Host" library="rascsi_utils">
<doc>Extracts the specified file from the ISO, calculates the checksum
then returns that value</doc>
<assign>
<var>${rascsi_file_checksum}</var>
</assign>
<kw name="Generate Random String" library="String">
<doc>Generates a string with a desired ``length`` from the given ``chars``.</doc>
<arguments>
<arg>10</arg>
<arg>[LETTERS]</arg>
</arguments>
<assign>
<var>${temp_dirname}</var>
</assign>
<msg timestamp="20200909 23:00:51.831" level="INFO">${temp_dirname} = gltykSzehR</msg>
<status status="PASS" starttime="20200909 23:00:51.831" endtime="20200909 23:00:51.831"></status>
</kw>
<kw name="Execute Command" library="SSHLibrary">
<doc>Executes ``command`` on the remote machine and returns its outputs.</doc>
<arguments>
<arg>mkdir /tmp/${temp_dirname}</arg>
<arg>sudo=True</arg>
<arg>sudo_password=${Rascsi_Password}</arg>
</arguments>
<msg timestamp="20200909 23:00:51.833" level="INFO">Executing command 'sudo mkdir /tmp/gltykSzehR'.</msg>
<msg timestamp="20200909 23:00:52.008" level="INFO">Command exited with return code 0.</msg>
<status status="PASS" starttime="20200909 23:00:51.832" endtime="20200909 23:00:52.008"></status>
</kw>
<kw name="Execute Command" library="SSHLibrary">
<doc>Executes ``command`` on the remote machine and returns its outputs.</doc>
<arguments>
<arg>mount /home/pi/images/${image_name} /tmp/${temp_dirname}</arg>
<arg>sudo=True</arg>
<arg>sudo_password=${Rascsi_Password}</arg>
</arguments>
<msg timestamp="20200909 23:00:52.010" level="INFO">Executing command 'sudo mount /home/pi/images/ubuntu-12.04.5-server-amd64.iso /tmp/gltykSzehR'.</msg>
<msg timestamp="20200909 23:00:52.282" level="INFO">Command exited with return code 0.</msg>
<status status="PASS" starttime="20200909 23:00:52.008" endtime="20200909 23:00:52.282"></status>
</kw>
<kw name="Execute Command" library="SSHLibrary">
<doc>Executes ``command`` on the remote machine and returns its outputs.</doc>
<arguments>
<arg>md5sum /tmp/${temp_dirname}/${filename} | cut -f 1 --delimiter=" "</arg>
</arguments>
<assign>
<var>${checksum}</var>
</assign>
<msg timestamp="20200909 23:00:52.283" level="INFO">Executing command 'md5sum /tmp/gltykSzehR/install/vmlinuz | cut -f 1 --delimiter=" "'.</msg>
<msg timestamp="20200909 23:00:52.433" level="INFO">Command exited with return code 0.</msg>
<msg timestamp="20200909 23:00:52.433" level="INFO">${checksum} = 3591ccf80b0181819ec7ba951abdfe18</msg>
<status status="PASS" starttime="20200909 23:00:52.283" endtime="20200909 23:00:52.433"></status>
</kw>
<kw name="Execute Command" library="SSHLibrary">
<doc>Executes ``command`` on the remote machine and returns its outputs.</doc>
<arguments>
<arg>umount /tmp/${temp_dirname}</arg>
<arg>sudo=True</arg>
<arg>sudo_password=${Rascsi_Password}</arg>
</arguments>
<msg timestamp="20200909 23:00:52.434" level="INFO">Executing command 'sudo umount /tmp/gltykSzehR'.</msg>
<msg timestamp="20200909 23:00:52.932" level="INFO">Command exited with return code 0.</msg>
<status status="PASS" starttime="20200909 23:00:52.434" endtime="20200909 23:00:52.933"></status>
</kw>
<kw name="Execute Command" library="SSHLibrary">
<doc>Executes ``command`` on the remote machine and returns its outputs.</doc>
<arguments>
<arg>rm -rf /tmp/${temp_dirname}</arg>
<arg>sudo=True</arg>
<arg>sudo_password=${Rascsi_Password}</arg>
</arguments>
<msg timestamp="20200909 23:00:52.934" level="INFO">Executing command 'sudo rm -rf /tmp/gltykSzehR'.</msg>
<msg timestamp="20200909 23:00:53.291" level="INFO">Command exited with return code 0.</msg>
<status status="PASS" starttime="20200909 23:00:52.933" endtime="20200909 23:00:53.292"></status>
</kw>
<msg timestamp="20200909 23:00:53.292" level="INFO">${rascsi_file_checksum} = 3591ccf80b0181819ec7ba951abdfe18</msg>
<status status="PASS" starttime="20200909 23:00:51.830" endtime="20200909 23:00:53.292"></status>
</kw>
<kw name="Should Be Equal" library="BuiltIn">
<doc>Fails if the given objects are unequal.</doc>
<arguments>
<arg>${host_file_checksum}</arg>
<arg>${rascsi_file_checksum}</arg>
<arg>${filename} did not match between the host and the RaSCSI</arg>
</arguments>
<status status="PASS" starttime="20200909 23:00:53.293" endtime="20200909 23:00:53.293"></status>
</kw>
<status status="PASS" starttime="20200909 23:00:45.394" endtime="20200909 23:00:53.294"></status>
</kw>
<kw name="Unmount SCSI ID 5" library="linux_scsi_utils" type="teardown">
<doc>Un-mount the drive specified. Currently, this doesn't use the drive ID. However,
it needs to be updated in the future to un-moune the correct device, instead of
of being hard-coded to a specific path.</doc>
<kw name="Get device id for SCSI ID ${scsi_id}" library="linux_scsi_utils">
<doc>Lookup the device name (ex /dev/sr0) for the specified SCSI ID</doc>
<assign>
<var>${device}</var>
</assign>
<kw name="Run" library="OperatingSystem">
<doc>Runs the given command in the system and returns the output.</doc>
<arguments>
<arg>lsscsi --brief |grep \\\\[0\\\\:0\\\\:${scsi_id}\\\\:0\\\\] | cut -f 5 --delimiter=" "</arg>
</arguments>
<assign>
<var>${lsscsi_output}</var>
</assign>
<msg timestamp="20200909 23:00:53.299" level="INFO">Running command 'lsscsi --brief |grep \\[0\\:0\\:5\\:0\\] | cut -f 5 --delimiter=" " 2&gt;&amp;1'.</msg>
<msg timestamp="20200909 23:00:53.303" level="INFO">${lsscsi_output} = /dev/sr0</msg>
<status status="PASS" starttime="20200909 23:00:53.296" endtime="20200909 23:00:53.304"></status>
</kw>
<kw name="Should Match Regexp" library="BuiltIn">
<doc>Fails if ``string`` does not match ``pattern`` as a regular expression.</doc>
<arguments>
<arg>${lsscsi_output}</arg>
<arg>\/dev\/[\\w\\d]+</arg>
<arg>Unable to find device ID for SCSI ID ${scsi_id}</arg>
</arguments>
<status status="PASS" starttime="20200909 23:00:53.304" endtime="20200909 23:00:53.305"></status>
</kw>
<msg timestamp="20200909 23:00:53.306" level="INFO">${device} = /dev/sr0</msg>
<status status="PASS" starttime="20200909 23:00:53.295" endtime="20200909 23:00:53.306"></status>
</kw>
<kw name="Run" library="OperatingSystem">
<doc>Runs the given command in the system and returns the output.</doc>
<arguments>
<arg>sudo umount ${device}</arg>
</arguments>
<msg timestamp="20200909 23:00:53.309" level="INFO">Running command 'sudo umount /dev/sr0 2&gt;&amp;1'.</msg>
<status status="PASS" starttime="20200909 23:00:53.306" endtime="20200909 23:00:53.331"></status>
</kw>
<status status="PASS" starttime="20200909 23:00:53.294" endtime="20200909 23:00:53.332"></status>
</kw>
<doc>Mount a pre-made IDS-9660 formatted ISO and check
that it is read correctly</doc>
<status status="PASS" starttime="20200909 23:00:37.645" endtime="20200909 23:00:53.332" critical="yes"></status>
</test>
<test id="s1-s1-t3" name="CD-ROM Read Speed is as fast as expected">
<kw name="Given CD-ROM Drive is attached as SCSI ID 2" library="rascsi_utils">
<doc>Attaches a CD-ROM device (without any media) to the RaSCSI</doc>
<kw name="Execute Command" library="SSHLibrary">
<doc>Executes ``command`` on the remote machine and returns its outputs.</doc>
<arguments>
<arg>rasctl -i ${scsi_id} -c attach -t cd</arg>
</arguments>
<assign>
<var>${rasctl_output}</var>
</assign>
[...]
<status status="PASS" starttime="20200909 23:03:49.574" endtime="20200909 23:03:49.589"></status>
</kw>
<status status="PASS" starttime="20200909 23:03:49.573" endtime="20200909 23:03:49.590"></status>
</kw>
<status status="PASS" starttime="20200909 23:03:49.573" endtime="20200909 23:03:49.590"></status>
</kw>
<kw name="${scsi_id} = 1" type="foritem">
<kw name="Delete SCSI ID ${scsi_id} from Linux" library="linux_scsi_utils">
<doc>Remove a SCSI ID from Linux. Basically, will un-do the Scan action</doc>
<kw name="Run" library="OperatingSystem">
<doc>Runs the given command in the system and returns the output.</doc>
<arguments>
<arg>sudo bash -c "echo 1 &gt; /sys/class/scsi_device/0:0:${scsi_id}:0/device/delete" 2&gt;&amp;1 &gt; /dev/null</arg>
</arguments>
<msg timestamp="20200909 23:03:49.595" level="INFO">Running command 'sudo bash -c "echo 1 &gt; /sys/class/scsi_device/0:0:1:0/device/delete" 2&gt;&amp;1 &gt; /dev/null'.</msg>
<status status="PASS" starttime="20200909 23:03:49.592" endtime="20200909 23:03:49.604"></status>
</kw>
<status status="PASS" starttime="20200909 23:03:49.591" endtime="20200909 23:03:49.605"></status>
</kw>
<status status="PASS" starttime="20200909 23:03:49.590" endtime="20200909 23:03:49.605"></status>
</kw>
<kw name="${scsi_id} = 2" type="foritem">
<kw name="Delete SCSI ID ${scsi_id} from Linux" library="linux_scsi_utils">
<doc>Remove a SCSI ID from Linux. Basically, will un-do the Scan action</doc>
<kw name="Run" library="OperatingSystem">
<doc>Runs the given command in the system and returns the output.</doc>
<arguments>
<arg>sudo bash -c "echo 1 &gt; /sys/class/scsi_device/0:0:${scsi_id}:0/device/delete" 2&gt;&amp;1 &gt; /dev/null</arg>
</arguments>
<msg timestamp="20200909 23:03:49.609" level="INFO">Running command 'sudo bash -c "echo 1 &gt; /sys/class/scsi_device/0:0:2:0/device/delete" 2&gt;&amp;1 &gt; /dev/null'.</msg>
<status status="PASS" starttime="20200909 23:03:49.606" endtime="20200909 23:03:49.619"></status>
</kw>
<status status="PASS" starttime="20200909 23:03:49.605" endtime="20200909 23:03:49.620"></status>
</kw>
<status status="PASS" starttime="20200909 23:03:49.605" endtime="20200909 23:03:49.620"></status>
</kw>
<kw name="${scsi_id} = 3" type="foritem">
<kw name="Delete SCSI ID ${scsi_id} from Linux" library="linux_scsi_utils">
<doc>Remove a SCSI ID from Linux. Basically, will un-do the Scan action</doc>
<kw name="Run" library="OperatingSystem">
<doc>Runs the given command in the system and returns the output.</doc>
<arguments>
<arg>sudo bash -c "echo 1 &gt; /sys/class/scsi_device/0:0:${scsi_id}:0/device/delete" 2&gt;&amp;1 &gt; /dev/null</arg>
</arguments>
<msg timestamp="20200909 23:03:49.625" level="INFO">Running command 'sudo bash -c "echo 1 &gt; /sys/class/scsi_device/0:0:3:0/device/delete" 2&gt;&amp;1 &gt; /dev/null'.</msg>
<status status="PASS" starttime="20200909 23:03:49.622" endtime="20200909 23:03:49.636"></status>
</kw>
<status status="PASS" starttime="20200909 23:03:49.621" endtime="20200909 23:03:49.636"></status>
</kw>
<status status="PASS" starttime="20200909 23:03:49.620" endtime="20200909 23:03:49.636"></status>
</kw>
<kw name="${scsi_id} = 4" type="foritem">
<kw name="Delete SCSI ID ${scsi_id} from Linux" library="linux_scsi_utils">
<doc>Remove a SCSI ID from Linux. Basically, will un-do the Scan action</doc>
<kw name="Run" library="OperatingSystem">
<doc>Runs the given command in the system and returns the output.</doc>
<arguments>
<arg>sudo bash -c "echo 1 &gt; /sys/class/scsi_device/0:0:${scsi_id}:0/device/delete" 2&gt;&amp;1 &gt; /dev/null</arg>
</arguments>
<msg timestamp="20200909 23:03:49.641" level="INFO">Running command 'sudo bash -c "echo 1 &gt; /sys/class/scsi_device/0:0:4:0/device/delete" 2&gt;&amp;1 &gt; /dev/null'.</msg>
<status status="PASS" starttime="20200909 23:03:49.638" endtime="20200909 23:03:49.652"></status>
</kw>
<status status="PASS" starttime="20200909 23:03:49.637" endtime="20200909 23:03:49.652"></status>
</kw>
<status status="PASS" starttime="20200909 23:03:49.637" endtime="20200909 23:03:49.652"></status>
</kw>
<kw name="${scsi_id} = 5" type="foritem">
<kw name="Delete SCSI ID ${scsi_id} from Linux" library="linux_scsi_utils">
<doc>Remove a SCSI ID from Linux. Basically, will un-do the Scan action</doc>
<kw name="Run" library="OperatingSystem">
<doc>Runs the given command in the system and returns the output.</doc>
<arguments>
<arg>sudo bash -c "echo 1 &gt; /sys/class/scsi_device/0:0:${scsi_id}:0/device/delete" 2&gt;&amp;1 &gt; /dev/null</arg>
</arguments>
<msg timestamp="20200909 23:03:49.656" level="INFO">Running command 'sudo bash -c "echo 1 &gt; /sys/class/scsi_device/0:0:5:0/device/delete" 2&gt;&amp;1 &gt; /dev/null'.</msg>
<status status="PASS" starttime="20200909 23:03:49.654" endtime="20200909 23:03:49.666"></status>
</kw>
<status status="PASS" starttime="20200909 23:03:49.653" endtime="20200909 23:03:49.667"></status>
</kw>
<status status="PASS" starttime="20200909 23:03:49.653" endtime="20200909 23:03:49.667"></status>
</kw>
<kw name="${scsi_id} = 6" type="foritem">
<kw name="Delete SCSI ID ${scsi_id} from Linux" library="linux_scsi_utils">
<doc>Remove a SCSI ID from Linux. Basically, will un-do the Scan action</doc>
<kw name="Run" library="OperatingSystem">
<doc>Runs the given command in the system and returns the output.</doc>
<arguments>
<arg>sudo bash -c "echo 1 &gt; /sys/class/scsi_device/0:0:${scsi_id}:0/device/delete" 2&gt;&amp;1 &gt; /dev/null</arg>
</arguments>
<msg timestamp="20200909 23:03:49.671" level="INFO">Running command 'sudo bash -c "echo 1 &gt; /sys/class/scsi_device/0:0:6:0/device/delete" 2&gt;&amp;1 &gt; /dev/null'.</msg>
<status status="PASS" starttime="20200909 23:03:49.669" endtime="20200909 23:03:49.682"></status>
</kw>
<status status="PASS" starttime="20200909 23:03:49.667" endtime="20200909 23:03:49.683"></status>
</kw>
<status status="PASS" starttime="20200909 23:03:49.667" endtime="20200909 23:03:49.683"></status>
</kw>
<status status="PASS" starttime="20200909 23:03:49.573" endtime="20200909 23:03:49.683"></status>
</kw>
<status status="PASS" starttime="20200909 23:03:49.572" endtime="20200909 23:03:49.683"></status>
</kw>
<kw name="Close All Connections" library="SSHLibrary">
<doc>Closes all open connections.</doc>
<status status="PASS" starttime="20200909 23:03:49.684" endtime="20200909 23:03:49.685"></status>
</kw>
<status status="PASS" starttime="20200909 23:03:49.071" endtime="20200909 23:03:49.685"></status>
</kw>
<doc>Test that the RaSCSI reports SCSI information correctly.</doc>
<status status="FAIL" starttime="20200909 23:03:12.596" endtime="20200909 23:03:49.685"></status>
</suite>
<suite id="s1-s3" name="Rascsi Service" source="/home/akuker/RASCSI/test/robot/rascsi_service.robot">
<kw name="Open Connection to Rascsi and Log In" library="rascsi_utils" type="setup">
<kw name="Open Connection" library="SSHLibrary">
<doc>Opens a new SSH connection to the given ``host`` and ``port``.</doc>
<arguments>
<arg>${Rascsi_Host}</arg>
</arguments>
<status status="PASS" starttime="20200909 23:03:49.699" endtime="20200909 23:03:49.699"></status>
</kw>
<kw name="Login" library="SSHLibrary">
<doc>Logs into the SSH server with the given ``username`` and ``password``.</doc>
<arguments>
<arg>${Rascsi_Username}</arg>
<arg>${Rascsi_Password}</arg>
</arguments>
<msg timestamp="20200909 23:03:49.700" level="INFO">Logging into 'rascsi.local:22' as 'pi'.</msg>
<msg timestamp="20200909 23:03:51.177" level="INFO">Read output: Linux rascsi 4.19.118-v7+ #1311 SMP Mon Apr 27 14:21:24 BST 2020 armv7l

The programs included with the Debian GNU/Linux system are free software;
the exact distribution terms for each program are described in the
individual files in /usr/share/doc/*/copyright.

Debian GNU/Linux comes with ABSOLUTELY NO WARRANTY, to the extent
permitted by applicable law.
Last login: Wed Sep  9 23:03:14 2020 from 192.168.68.156

SSH is enabled and the default password for the 'pi' user has not been changed.
This is a security risk - please login as the 'pi' user and type 'passwd' to set a new password.


Wi-Fi is currently blocked by rfkill.
Use raspi-config to set the country before use.

pi@rascsi:~$</msg>
<status status="PASS" starttime="20200909 23:03:49.699" endtime="20200909 23:03:51.177"></status>
</kw>
<status status="PASS" starttime="20200909 23:03:49.698" endtime="20200909 23:03:51.178"></status>
</kw>
<test id="s1-s3-t1" name="RaSCSI Service Can be Started as a Service">
<kw name="When The Rascsi Service is Started" library="linux_services">
<kw name="Convert To Lower Case" library="String">
<doc>Converts string to lower case.</doc>
<arguments>
<arg>${service_name}</arg>
</arguments>
<assign>
<var>${lc_service_name}</var>
</assign>
<msg timestamp="20200909 23:03:51.180" level="INFO">${lc_service_name} = rascsi</msg>
<status status="PASS" starttime="20200909 23:03:51.180" endtime="20200909 23:03:51.180"></status>
</kw>
<kw name="Execute Command" library="SSHLibrary">
<doc>Executes ``command`` on the remote machine and returns its outputs.</doc>
<arguments>
<arg>systemctl start ${lc_service_name}</arg>
<arg>sudo=True</arg>
<arg>sudo_password=${Rascsi_Password}</arg>
</arguments>
<msg timestamp="20200909 23:03:51.181" level="INFO">Executing command 'sudo systemctl start rascsi'.</msg>
<msg timestamp="20200909 23:03:51.445" level="INFO">Command exited with return code 0.</msg>
<status status="PASS" starttime="20200909 23:03:51.181" endtime="20200909 23:03:51.445"></status>
</kw>
<status status="PASS" starttime="20200909 23:03:51.179" endtime="20200909 23:03:51.446"></status>
</kw>
<kw name="Then The RaSCSI Service Should be Running" library="linux_services">
<kw name="Convert To Lower Case" library="String">
<doc>Converts string to lower case.</doc>
<arguments>
<arg>${service_name}</arg>
</arguments>
<assign>
<var>${lc_service_name}</var>
</assign>
<msg timestamp="20200909 23:03:51.447" level="INFO">${lc_service_name} = rascsi</msg>
<status status="PASS" starttime="20200909 23:03:51.447" endtime="20200909 23:03:51.448"></status>
</kw>
<kw name="Execute Command" library="SSHLibrary">
<doc>Executes ``command`` on the remote machine and returns its outputs.</doc>
<arguments>
<arg>systemctl status ${lc_service_name}</arg>
</arguments>
<assign>
<var>${output}</var>
</assign>
<msg timestamp="20200909 23:03:51.448" level="INFO">Executing command 'systemctl status rascsi'.</msg>
<msg timestamp="20200909 23:03:51.520" level="INFO">Command exited with return code 0.</msg>
<msg timestamp="20200909 23:03:51.520" level="INFO">${output} = ● rascsi.service - RaSCSI service
   Loaded: loaded (/etc/systemd/system/rascsi.service; enabled; vendor preset: enabled)
   Active: active (running) since Wed 2020-09-09 22:58:23 CDT; 5min ago
 Main ...</msg>
<status status="PASS" starttime="20200909 23:03:51.448" endtime="20200909 23:03:51.520"></status>
</kw>
<kw name="Should Contain" library="BuiltIn">
<doc>Fails if ``container`` does not contain ``item`` one or more times.</doc>
<arguments>
<arg>${output}</arg>
<arg>Active: active (running)</arg>
<arg>ignore_case=True</arg>
</arguments>
<status status="PASS" starttime="20200909 23:03:51.520" endtime="20200909 23:03:51.521"></status>
</kw>
<status status="PASS" starttime="20200909 23:03:51.446" endtime="20200909 23:03:51.521"></status>
</kw>
<doc>Start the Rascsi service and make sure it stays running</doc>
<status status="PASS" starttime="20200909 23:03:51.178" endtime="20200909 23:03:51.522" critical="yes"></status>
</test>
<test id="s1-s3-t2" name="RaSCSI Service Can be Stopped as a Service">
<kw name="When the Rascsi Service is Stopped" library="linux_services">
<kw name="Convert To Lower Case" library="String">
<doc>Converts string to lower case.</doc>
<arguments>
<arg>${service_name}</arg>
</arguments>
<assign>
<var>${lc_service_name}</var>
</assign>
<msg timestamp="20200909 23:03:51.525" level="INFO">${lc_service_name} = rascsi</msg>
<status status="PASS" starttime="20200909 23:03:51.524" endtime="20200909 23:03:51.525"></status>
</kw>
<kw name="Execute Command" library="SSHLibrary">
<doc>Executes ``command`` on the remote machine and returns its outputs.</doc>
<arguments>
<arg>systemctl stop ${lc_service_name}</arg>
<arg>sudo=True</arg>
<arg>sudo_password=${Rascsi_Password}</arg>
</arguments>
<msg timestamp="20200909 23:03:51.526" level="INFO">Executing command 'sudo systemctl stop rascsi'.</msg>
<msg timestamp="20200909 23:03:51.771" level="INFO">Command exited with return code 0.</msg>
<status status="PASS" starttime="20200909 23:03:51.525" endtime="20200909 23:03:51.771"></status>
</kw>
<status status="PASS" starttime="20200909 23:03:51.524" endtime="20200909 23:03:51.771"></status>
</kw>
<kw name="Then the RaSCSI Service should be Stopped" library="linux_services">
<kw name="Convert To Lower Case" library="String">
<doc>Converts string to lower case.</doc>
<arguments>
<arg>${service_name}</arg>
</arguments>
<assign>
<var>${lc_service_name}</var>
</assign>
<msg timestamp="20200909 23:03:51.773" level="INFO">${lc_service_name} = rascsi</msg>
<status status="PASS" starttime="20200909 23:03:51.773" endtime="20200909 23:03:51.773"></status>
</kw>
<kw name="Execute Command" library="SSHLibrary">
<doc>Executes ``command`` on the remote machine and returns its outputs.</doc>
<arguments>
<arg>systemctl status ${lc_service_name}</arg>
</arguments>
<assign>
<var>${output}</var>
</assign>
<msg timestamp="20200909 23:03:51.774" level="INFO">Executing command 'systemctl status rascsi'.</msg>
<msg timestamp="20200909 23:03:51.850" level="INFO">Command exited with return code 3.</msg>
<msg timestamp="20200909 23:03:51.850" level="INFO">${output} = ● rascsi.service - RaSCSI service
   Loaded: loaded (/etc/systemd/system/rascsi.service; enabled; vendor preset: enabled)
   Active: failed (Result: exit-code) since Wed 2020-09-09 23:03:51 CDT; 128ms...</msg>
<status status="PASS" starttime="20200909 23:03:51.773" endtime="20200909 23:03:51.850"></status>
</kw>
<kw name="Should Contain" library="BuiltIn">
<doc>Fails if ``container`` does not contain ``item`` one or more times.</doc>
<arguments>
<arg>${output}</arg>
<arg>Active: failed</arg>
<arg>ignore_case=True</arg>
</arguments>
<status status="PASS" starttime="20200909 23:03:51.851" endtime="20200909 23:03:51.851"></status>
</kw>
<status status="PASS" starttime="20200909 23:03:51.772" endtime="20200909 23:03:51.851"></status>
</kw>
<doc>Stop the Rascsi service and make sure it stays stopped</doc>
<status status="PASS" starttime="20200909 23:03:51.522" endtime="20200909 23:03:51.852" critical="yes"></status>
</test>
<test id="s1-s3-t3" name="RaSCSI Service Can be Restarted as a Service">
<kw name="Given The RaSCSI Service is Started" library="linux_services">
<kw name="Convert To Lower Case" library="String">
<doc>Converts string to lower case.</doc>
<arguments>
<arg>${service_name}</arg>
</arguments>
<assign>
<var>${lc_service_name}</var>
</assign>
<msg timestamp="20200909 23:03:51.856" level="INFO">${lc_service_name} = rascsi</msg>
<status status="PASS" starttime="20200909 23:03:51.856" endtime="20200909 23:03:51.856"></status>
</kw>
<kw name="Execute Command" library="SSHLibrary">
<doc>Executes ``command`` on the remote machine and returns its outputs.</doc>
<arguments>
<arg>systemctl start ${lc_service_name}</arg>
<arg>sudo=True</arg>
<arg>sudo_password=${Rascsi_Password}</arg>
</arguments>
<msg timestamp="20200909 23:03:51.857" level="INFO">Executing command 'sudo systemctl start rascsi'.</msg>
<msg timestamp="20200909 23:03:52.121" level="INFO">Command exited with return code 0.</msg>
<status status="PASS" starttime="20200909 23:03:51.856" endtime="20200909 23:03:52.121"></status>
</kw>
<status status="PASS" starttime="20200909 23:03:51.854" endtime="20200909 23:03:52.122"></status>
</kw>
<kw name="When The Rascsi Service is Restarted" library="linux_services">
<kw name="Convert To Lower Case" library="String">
<doc>Converts string to lower case.</doc>
<arguments>
<arg>${service_name}</arg>
</arguments>
<assign>
<var>${lc_service_name}</var>
</assign>
<msg timestamp="20200909 23:03:52.123" level="INFO">${lc_service_name} = rascsi</msg>
<status status="PASS" starttime="20200909 23:03:52.123" endtime="20200909 23:03:52.123"></status>
</kw>
<kw name="Execute Command" library="SSHLibrary">
<doc>Executes ``command`` on the remote machine and returns its outputs.</doc>
<arguments>
<arg>systemctl restart ${lc_service_name}</arg>
<arg>sudo=True</arg>
<arg>sudo_password=${Rascsi_Password}</arg>
</arguments>
<msg timestamp="20200909 23:03:52.124" level="INFO">Executing command 'sudo systemctl restart rascsi'.</msg>
<msg timestamp="20200909 23:03:52.420" level="INFO">Command exited with return code 0.</msg>
<status status="PASS" starttime="20200909 23:03:52.124" endtime="20200909 23:03:52.420"></status>
</kw>
<status status="PASS" starttime="20200909 23:03:52.122" endtime="20200909 23:03:52.420"></status>
</kw>
<kw name="Then the Rascsi Service should be Running" library="linux_services">
<kw name="Convert To Lower Case" library="String">
<doc>Converts string to lower case.</doc>
<arguments>
<arg>${service_name}</arg>
</arguments>
<assign>
<var>${lc_service_name}</var>
</assign>
<msg timestamp="20200909 23:03:52.422" level="INFO">${lc_service_name} = rascsi</msg>
<status status="PASS" starttime="20200909 23:03:52.421" endtime="20200909 23:03:52.422"></status>
</kw>
<kw name="Execute Command" library="SSHLibrary">
<doc>Executes ``command`` on the remote machine and returns its outputs.</doc>
<arguments>
<arg>systemctl status ${lc_service_name}</arg>
</arguments>
<assign>
<var>${output}</var>
</assign>
<msg timestamp="20200909 23:03:52.422" level="INFO">Executing command 'systemctl status rascsi'.</msg>
<msg timestamp="20200909 23:03:52.490" level="INFO">Command exited with return code 0.</msg>
<msg timestamp="20200909 23:03:52.490" level="INFO">${output} = ● rascsi.service - RaSCSI service
   Loaded: loaded (/etc/systemd/system/rascsi.service; enabled; vendor preset: enabled)
   Active: active (running) since Wed 2020-09-09 23:03:52 CDT; 120ms ago
 Main...</msg>
<status status="PASS" starttime="20200909 23:03:52.422" endtime="20200909 23:03:52.490"></status>
</kw>
<kw name="Should Contain" library="BuiltIn">
<doc>Fails if ``container`` does not contain ``item`` one or more times.</doc>
<arguments>
<arg>${output}</arg>
<arg>Active: active (running)</arg>
<arg>ignore_case=True</arg>
</arguments>
<status status="PASS" starttime="20200909 23:03:52.490" endtime="20200909 23:03:52.491"></status>
</kw>
<status status="PASS" starttime="20200909 23:03:52.421" endtime="20200909 23:03:52.491"></status>
</kw>
<doc>Restart the Rascsi service and make sure it stays running</doc>
<status status="PASS" starttime="20200909 23:03:51.853" endtime="20200909 23:03:52.492" critical="yes"></status>
</test>
<kw name="Close All Connections" library="SSHLibrary" type="teardown">
<doc>Closes all open connections.</doc>
<status status="PASS" starttime="20200909 23:03:52.493" endtime="20200909 23:03:52.494"></status>
</kw>
<doc>Test that the RaSCSI service can be started and stopped.</doc>
<status status="PASS" starttime="20200909 23:03:49.691" endtime="20200909 23:03:52.494"></status>
</suite>
<status status="FAIL" starttime="20200909 22:59:53.700" endtime="20200909 23:03:52.499"></status>
</suite>
<statistics>
<total>
<stat pass="12" fail="1">Critical Tests</stat>
<stat pass="12" fail="1">All Tests</stat>
</total>
<tag>
</tag>
<suite>
<stat pass="12" fail="1" id="s1" name="Robot">Robot</stat>
<stat pass="4" fail="0" id="s1-s1" name="Rascsi Cd-Rom Functionality">Robot.Rascsi Cd-Rom Functionality</stat>
<stat pass="5" fail="1" id="s1-s2" name="Rascsi Device Information">Robot.Rascsi Device Information</stat>
<stat pass="3" fail="0" id="s1-s3" name="Rascsi Service">Robot.Rascsi Service</stat>
</suite>
</statistics>
<errors>
</errors>
</robot>
